Using TensorFlow backend.
/users/PAS1383/osu10171/.conda/envs/local/lib/python2.7/site-packages/h5py/__init__.py:34: FutureWarning: Conversion of the second argument of issubdtype from `float` to `np.floating` is deprecated. In future, it will be treated as `np.float64 == np.dtype(float).type`.
  from ._conv import register_converters as _register_converters
 
2.7.13 |Anaconda 2.1.0 (64-bit)| (default, Dec 20 2016, 23:09:15) 
[GCC 4.4.7 20120313 (Red Hat 4.4.7-1)]
 
You have chosen: Namespace(bsize=100, epo=70, f1=11250, f2=50, f3=100, f4=1, h=10, imgsize=75, m=1604, pseuSize=3000, trimsize=0)
 
x and y (4203, 75, 75, 3) (4203,)
2018-07-23 11:49:23.714105: W tensorflow/core/platform/cpu_feature_guard.cc:45] The TensorFlow library wasn't compiled to use SSE4.1 instructions, but these are available on your machine and could speed up CPU computations.
2018-07-23 11:49:23.714139: W tensorflow/core/platform/cpu_feature_guard.cc:45] The TensorFlow library wasn't compiled to use SSE4.2 instructions, but these are available on your machine and could speed up CPU computations.
Train on 4203 samples, validate on 401 samples
Epoch 1/70
282s - loss: 0.1616 - acc: 0.9350 - val_loss: 0.1835 - val_acc: 0.9227
Epoch 2/70
282s - loss: 0.1677 - acc: 0.9358 - val_loss: 0.2783 - val_acc: 0.9177
Epoch 3/70
281s - loss: 0.1507 - acc: 0.9410 - val_loss: 0.2162 - val_acc: 0.9077
Epoch 4/70
281s - loss: 0.1462 - acc: 0.9412 - val_loss: 0.2254 - val_acc: 0.9177
Epoch 5/70
280s - loss: 0.1429 - acc: 0.9405 - val_loss: 0.1966 - val_acc: 0.9277
Epoch 6/70
280s - loss: 0.1435 - acc: 0.9384 - val_loss: 0.1776 - val_acc: 0.9327
Epoch 7/70
280s - loss: 0.1217 - acc: 0.9450 - val_loss: 0.1946 - val_acc: 0.9377
Epoch 8/70
