Using TensorFlow backend.
/users/PAS1383/osu10171/.conda/envs/local/lib/python2.7/site-packages/h5py/__init__.py:34: FutureWarning: Conversion of the second argument of issubdtype from `float` to `np.floating` is deprecated. In future, it will be treated as `np.float64 == np.dtype(float).type`.
  from ._conv import register_converters as _register_converters
You have chosen: Namespace(flip=0, h=0, iters=5)
 
Running iter 1
 
2018-07-26 12:51:54.640885: W tensorflow/core/platform/cpu_feature_guard.cc:45] The TensorFlow library wasn't compiled to use SSE4.1 instructions, but these are available on your machine and could speed up CPU computations.
2018-07-26 12:51:54.651559: W tensorflow/core/platform/cpu_feature_guard.cc:45] The TensorFlow library wasn't compiled to use SSE4.2 instructions, but these are available on your machine and could speed up CPU computations.
Train on 1203 samples, validate on 401 samples
Epoch 1/70
403s - loss: 0.7003 - acc: 0.5046 - val_loss: 0.6639 - val_acc: 0.6234
Epoch 2/70
403s - loss: 0.6310 - acc: 0.6243 - val_loss: 0.6075 - val_acc: 0.6608
Epoch 3/70
403s - loss: 0.5797 - acc: 0.6617 - val_loss: 0.5473 - val_acc: 0.6708
Epoch 4/70
403s - loss: 0.5188 - acc: 0.7165 - val_loss: 0.5899 - val_acc: 0.6359
Epoch 5/70
403s - loss: 0.5235 - acc: 0.7116 - val_loss: 0.4586 - val_acc: 0.7855
Epoch 6/70
412s - loss: 0.4368 - acc: 0.7922 - val_loss: 0.3978 - val_acc: 0.8080
Epoch 7/70
410s - loss: 0.4234 - acc: 0.8030 - val_loss: 0.4301 - val_acc: 0.7781
Epoch 8/70
410s - loss: 0.3644 - acc: 0.8387 - val_loss: 0.3613 - val_acc: 0.8130
Epoch 9/70
410s - loss: 0.3659 - acc: 0.8346 - val_loss: 0.7844 - val_acc: 0.7406
Epoch 10/70
410s - loss: 0.3852 - acc: 0.8171 - val_loss: 0.6144 - val_acc: 0.7706
Epoch 11/70
411s - loss: 0.3556 - acc: 0.8429 - val_loss: 0.4770 - val_acc: 0.7606
Epoch 12/70
410s - loss: 0.4449 - acc: 0.7822 - val_loss: 0.4240 - val_acc: 0.7930
Epoch 13/70
410s - loss: 0.3577 - acc: 0.8579 - val_loss: 0.4048 - val_acc: 0.8279
Epoch 14/70
410s - loss: 0.3290 - acc: 0.8545 - val_loss: 0.5111 - val_acc: 0.7905
Epoch 15/70
411s - loss: 0.3571 - acc: 0.8379 - val_loss: 0.3587 - val_acc: 0.8329
Epoch 16/70
410s - loss: 0.3123 - acc: 0.8545 - val_loss: 0.4207 - val_acc: 0.7855
Epoch 17/70
410s - loss: 0.3106 - acc: 0.8512 - val_loss: 0.4671 - val_acc: 0.7756
Epoch 18/70
410s - loss: 0.3721 - acc: 0.8229 - val_loss: 0.4471 - val_acc: 0.8030
Epoch 19/70
410s - loss: 0.2886 - acc: 0.8745 - val_loss: 0.3464 - val_acc: 0.8155
Epoch 20/70
411s - loss: 0.3125 - acc: 0.8570 - val_loss: 0.4085 - val_acc: 0.8229
Epoch 21/70
410s - loss: 0.2731 - acc: 0.8761 - val_loss: 0.3781 - val_acc: 0.8429
Epoch 22/70
410s - loss: 0.2769 - acc: 0.8861 - val_loss: 0.3243 - val_acc: 0.8379
Epoch 23/70
411s - loss: 0.2651 - acc: 0.8820 - val_loss: 0.3165 - val_acc: 0.8404
Epoch 24/70
412s - loss: 0.2604 - acc: 0.8886 - val_loss: 0.3244 - val_acc: 0.8429
Epoch 25/70
410s - loss: 0.2436 - acc: 0.8978 - val_loss: 0.3844 - val_acc: 0.8379
Epoch 26/70
410s - loss: 0.2614 - acc: 0.8853 - val_loss: 0.5330 - val_acc: 0.8080
Epoch 27/70
411s - loss: 0.2767 - acc: 0.8828 - val_loss: 0.3200 - val_acc: 0.8529
Epoch 28/70
411s - loss: 0.2648 - acc: 0.8811 - val_loss: 0.3179 - val_acc: 0.8479
Epoch 29/70
411s - loss: 0.2217 - acc: 0.9036 - val_loss: 0.3967 - val_acc: 0.8454
Epoch 30/70
410s - loss: 0.2247 - acc: 0.9077 - val_loss: 0.2992 - val_acc: 0.8778
Epoch 31/70
410s - loss: 0.2307 - acc: 0.8944 - val_loss: 0.2935 - val_acc: 0.8653
Epoch 32/70
410s - loss: 0.2494 - acc: 0.8953 - val_loss: 0.4710 - val_acc: 0.8130
Epoch 33/70
412s - loss: 0.2880 - acc: 0.8736 - val_loss: 0.4103 - val_acc: 0.7955
Epoch 34/70
410s - loss: 0.2948 - acc: 0.8695 - val_loss: 0.5240 - val_acc: 0.8030
Epoch 35/70
410s - loss: 0.2788 - acc: 0.8736 - val_loss: 0.3729 - val_acc: 0.8329
Epoch 36/70
410s - loss: 0.2702 - acc: 0.8828 - val_loss: 0.4947 - val_acc: 0.7781
Epoch 37/70
411s - loss: 0.2660 - acc: 0.8836 - val_loss: 0.3723 - val_acc: 0.8379
Epoch 38/70
410s - loss: 0.2225 - acc: 0.9036 - val_loss: 0.7993 - val_acc: 0.7581
Epoch 39/70
410s - loss: 0.5343 - acc: 0.8155 - val_loss: 0.3640 - val_acc: 0.8379
Epoch 40/70
410s - loss: 0.2794 - acc: 0.8753 - val_loss: 0.3383 - val_acc: 0.8479
Epoch 41/70
410s - loss: 0.2446 - acc: 0.8953 - val_loss: 0.3129 - val_acc: 0.8579
Epoch 42/70
413s - loss: 0.2729 - acc: 0.8845 - val_loss: 0.5345 - val_acc: 0.7980
Epoch 43/70
410s - loss: 0.2906 - acc: 0.8778 - val_loss: 0.3062 - val_acc: 0.8579
Epoch 44/70
410s - loss: 0.2180 - acc: 0.9011 - val_loss: 0.2815 - val_acc: 0.8603
Epoch 45/70
