Using TensorFlow backend.
/users/PAS1383/osu10171/.conda/envs/local/lib/python2.7/site-packages/h5py/__init__.py:34: FutureWarning: Conversion of the second argument of issubdtype from `float` to `np.floating` is deprecated. In future, it will be treated as `np.float64 == np.dtype(float).type`.
  from ._conv import register_converters as _register_converters
 
2.7.13 |Anaconda 2.1.0 (64-bit)| (default, Dec 20 2016, 23:09:15) 
[GCC 4.4.7 20120313 (Red Hat 4.4.7-1)]
 
You have chosen: Namespace(bsize=100, epo=70, f1=11250, f2=50, f3=100, f4=1, h=10, imgsize=75, m=1604, pseuSize=5000, trimsize=0)
 
x and y (6203, 75, 75, 3) (6203,)
2018-07-23 11:49:21.895808: W tensorflow/core/platform/cpu_feature_guard.cc:45] The TensorFlow library wasn't compiled to use SSE4.1 instructions, but these are available on your machine and could speed up CPU computations.
2018-07-23 11:49:21.895841: W tensorflow/core/platform/cpu_feature_guard.cc:45] The TensorFlow library wasn't compiled to use SSE4.2 instructions, but these are available on your machine and could speed up CPU computations.
Train on 6203 samples, validate on 401 samples
Epoch 1/70
395s - loss: 0.2038 - acc: 0.9163 - val_loss: 0.2106 - val_acc: 0.9052
Epoch 2/70
395s - loss: 0.3299 - acc: 0.9023 - val_loss: 0.2980 - val_acc: 0.8404
Epoch 3/70
395s - loss: 0.6075 - acc: 0.8407 - val_loss: 0.2610 - val_acc: 0.8404
Epoch 4/70
395s - loss: 0.4005 - acc: 0.8528 - val_loss: 0.2914 - val_acc: 0.8479
Epoch 5/70
395s - loss: 0.6744 - acc: 0.8554 - val_loss: 0.3682 - val_acc: 0.8429
Epoch 6/70
