Using TensorFlow backend.
/users/PAS1383/osu10171/.conda/envs/local/lib/python2.7/site-packages/h5py/__init__.py:34: FutureWarning: Conversion of the second argument of issubdtype from `float` to `np.floating` is deprecated. In future, it will be treated as `np.float64 == np.dtype(float).type`.
  from ._conv import register_converters as _register_converters
You have chosen: Namespace(flip=0, h=0, iters=20)
 
Running iter 1
 
2018-07-27 13:28:59.886360: W tensorflow/core/platform/cpu_feature_guard.cc:45] The TensorFlow library wasn't compiled to use SSE4.1 instructions, but these are available on your machine and could speed up CPU computations.
2018-07-27 13:28:59.887006: W tensorflow/core/platform/cpu_feature_guard.cc:45] The TensorFlow library wasn't compiled to use SSE4.2 instructions, but these are available on your machine and could speed up CPU computations.
Train on 1203 samples, validate on 401 samples
Epoch 1/150
84s - loss: 1.2407 - acc: 0.4929 - val_loss: 0.6860 - val_acc: 0.5436
Epoch 2/150
83s - loss: 0.6898 - acc: 0.5195 - val_loss: 0.6536 - val_acc: 0.6334
Epoch 3/150
83s - loss: 0.6177 - acc: 0.6052 - val_loss: 0.5724 - val_acc: 0.6658
Epoch 4/150
82s - loss: 0.5710 - acc: 0.6700 - val_loss: 0.5675 - val_acc: 0.6833
Epoch 5/150
82s - loss: 0.5542 - acc: 0.6924 - val_loss: 0.5449 - val_acc: 0.6883
Epoch 6/150
82s - loss: 0.6229 - acc: 0.5827 - val_loss: 0.5751 - val_acc: 0.6584
Epoch 7/150
82s - loss: 0.5758 - acc: 0.6584 - val_loss: 0.5605 - val_acc: 0.6833
Epoch 8/150
82s - loss: 0.5616 - acc: 0.6517 - val_loss: 0.5543 - val_acc: 0.6783
Epoch 9/150
82s - loss: 0.5478 - acc: 0.6958 - val_loss: 0.5270 - val_acc: 0.7107
Epoch 10/150
82s - loss: 0.5166 - acc: 0.7481 - val_loss: 0.4902 - val_acc: 0.7531
Epoch 11/150
82s - loss: 0.4712 - acc: 0.7764 - val_loss: 0.4677 - val_acc: 0.7756
Epoch 12/150
82s - loss: 0.4590 - acc: 0.7756 - val_loss: 0.4847 - val_acc: 0.7481
Epoch 13/150
82s - loss: 0.4547 - acc: 0.7797 - val_loss: 0.5022 - val_acc: 0.6933
Epoch 14/150
82s - loss: 0.5047 - acc: 0.7332 - val_loss: 0.4675 - val_acc: 0.7606
Epoch 15/150
82s - loss: 0.4625 - acc: 0.7556 - val_loss: 0.4434 - val_acc: 0.7855
Epoch 16/150
82s - loss: 0.4264 - acc: 0.8071 - val_loss: 0.5152 - val_acc: 0.7606
Epoch 17/150
82s - loss: 0.4573 - acc: 0.7855 - val_loss: 0.4608 - val_acc: 0.7656
Epoch 18/150
82s - loss: 0.4563 - acc: 0.7739 - val_loss: 0.4663 - val_acc: 0.7805
Epoch 19/150
82s - loss: 0.4185 - acc: 0.8130 - val_loss: 0.4304 - val_acc: 0.7955
Epoch 20/150
82s - loss: 0.3926 - acc: 0.8221 - val_loss: 0.4449 - val_acc: 0.7905
Epoch 21/150
82s - loss: 0.3936 - acc: 0.8238 - val_loss: 0.4377 - val_acc: 0.7880
Epoch 22/150
82s - loss: 0.4349 - acc: 0.7648 - val_loss: 0.4155 - val_acc: 0.8080
Epoch 23/150
82s - loss: 0.4020 - acc: 0.8171 - val_loss: 0.4540 - val_acc: 0.7955
Epoch 24/150
82s - loss: 0.3938 - acc: 0.8379 - val_loss: 0.4289 - val_acc: 0.8080
Epoch 25/150
82s - loss: 0.3679 - acc: 0.8313 - val_loss: 0.4058 - val_acc: 0.8279
Epoch 26/150
82s - loss: 0.3433 - acc: 0.8512 - val_loss: 0.4200 - val_acc: 0.8180
Epoch 27/150
82s - loss: 0.3511 - acc: 0.8479 - val_loss: 0.4121 - val_acc: 0.8005
Epoch 28/150
82s - loss: 0.4139 - acc: 0.7839 - val_loss: 0.3852 - val_acc: 0.8279
Epoch 29/150
82s - loss: 0.3467 - acc: 0.8504 - val_loss: 0.3846 - val_acc: 0.8304
Epoch 30/150
82s - loss: 0.3340 - acc: 0.8529 - val_loss: 0.3638 - val_acc: 0.8354
Epoch 31/150
82s - loss: 0.3497 - acc: 0.8470 - val_loss: 0.3864 - val_acc: 0.8229
Epoch 32/150
82s - loss: 0.3080 - acc: 0.8662 - val_loss: 0.3928 - val_acc: 0.8404
Epoch 33/150
82s - loss: 0.3051 - acc: 0.8662 - val_loss: 0.3412 - val_acc: 0.8554
Epoch 34/150
82s - loss: 0.3013 - acc: 0.8687 - val_loss: 0.4225 - val_acc: 0.7930
Epoch 35/150
82s - loss: 0.4278 - acc: 0.7922 - val_loss: 0.3800 - val_acc: 0.8204
Epoch 36/150
82s - loss: 0.3587 - acc: 0.8404 - val_loss: 0.3593 - val_acc: 0.8529
Epoch 37/150
81s - loss: 0.3334 - acc: 0.8529 - val_loss: 0.3732 - val_acc: 0.8479
Epoch 38/150
82s - loss: 0.3113 - acc: 0.8504 - val_loss: 0.3503 - val_acc: 0.8479
Epoch 39/150
82s - loss: 0.2978 - acc: 0.8595 - val_loss: 0.3695 - val_acc: 0.8354
Epoch 40/150
81s - loss: 0.3000 - acc: 0.8728 - val_loss: 0.3460 - val_acc: 0.8579
Epoch 41/150
81s - loss: 0.3735 - acc: 0.8213 - val_loss: 0.4178 - val_acc: 0.7805
Epoch 42/150
81s - loss: 0.4043 - acc: 0.8080 - val_loss: 0.3918 - val_acc: 0.8005
Epoch 43/150
81s - loss: 0.3297 - acc: 0.8520 - val_loss: 0.3621 - val_acc: 0.8354
Epoch 44/150
81s - loss: 0.2880 - acc: 0.8728 - val_loss: 0.3879 - val_acc: 0.8130
Epoch 45/150
82s - loss: 0.2905 - acc: 0.8670 - val_loss: 0.3523 - val_acc: 0.8554
Epoch 46/150
81s - loss: 0.2788 - acc: 0.8828 - val_loss: 0.4060 - val_acc: 0.8354
Epoch 47/150
81s - loss: 0.3526 - acc: 0.8421 - val_loss: 0.3700 - val_acc: 0.8354
Epoch 48/150
81s - loss: 0.2846 - acc: 0.8786 - val_loss: 0.3591 - val_acc: 0.8404
Epoch 49/150
82s - loss: 0.2830 - acc: 0.8678 - val_loss: 0.3344 - val_acc: 0.8429
Epoch 50/150
81s - loss: 0.2933 - acc: 0.8537 - val_loss: 0.3663 - val_acc: 0.8429
Epoch 51/150
81s - loss: 0.2909 - acc: 0.8570 - val_loss: 0.3771 - val_acc: 0.8204
Epoch 52/150
81s - loss: 0.2647 - acc: 0.8778 - val_loss: 0.3678 - val_acc: 0.8579
Epoch 53/150
81s - loss: 0.2650 - acc: 0.8745 - val_loss: 0.3496 - val_acc: 0.8603
Epoch 54/150
81s - loss: 0.2498 - acc: 0.8911 - val_loss: 0.3278 - val_acc: 0.8678
Epoch 55/150
81s - loss: 0.2247 - acc: 0.9011 - val_loss: 0.3328 - val_acc: 0.8703
Epoch 56/150
81s - loss: 0.2387 - acc: 0.8911 - val_loss: 0.3202 - val_acc: 0.8628
Epoch 57/150
81s - loss: 0.2285 - acc: 0.9002 - val_loss: 0.2913 - val_acc: 0.8653
Epoch 58/150
81s - loss: 0.2397 - acc: 0.8953 - val_loss: 0.3064 - val_acc: 0.8703
Epoch 59/150
81s - loss: 0.2224 - acc: 0.9036 - val_loss: 0.2939 - val_acc: 0.8628
Epoch 60/150
81s - loss: 0.2753 - acc: 0.8736 - val_loss: 0.3519 - val_acc: 0.8404
Epoch 61/150
81s - loss: 0.2981 - acc: 0.8520 - val_loss: 0.3106 - val_acc: 0.8454
Epoch 62/150
81s - loss: 0.2470 - acc: 0.8928 - val_loss: 0.3472 - val_acc: 0.8404
Epoch 63/150
81s - loss: 0.2284 - acc: 0.8986 - val_loss: 0.3027 - val_acc: 0.8554
Epoch 64/150
81s - loss: 0.2177 - acc: 0.9036 - val_loss: 0.2954 - val_acc: 0.8678
Epoch 65/150
81s - loss: 0.2060 - acc: 0.9094 - val_loss: 0.3049 - val_acc: 0.8728
Epoch 66/150
81s - loss: 0.1899 - acc: 0.9160 - val_loss: 0.3546 - val_acc: 0.8678
Epoch 67/150
81s - loss: 0.3926 - acc: 0.8113 - val_loss: 0.3662 - val_acc: 0.7855
Epoch 68/150
81s - loss: 0.2989 - acc: 0.8570 - val_loss: 0.2897 - val_acc: 0.8753
Epoch 69/150
81s - loss: 0.3120 - acc: 0.8587 - val_loss: 0.3292 - val_acc: 0.8404
Epoch 70/150
82s - loss: 0.2663 - acc: 0.8720 - val_loss: 0.2777 - val_acc: 0.8753
Epoch 71/150
81s - loss: 0.2437 - acc: 0.8886 - val_loss: 0.2952 - val_acc: 0.8728
Epoch 72/150
81s - loss: 0.2829 - acc: 0.8670 - val_loss: 0.3371 - val_acc: 0.8304
Epoch 73/150
81s - loss: 0.2514 - acc: 0.8828 - val_loss: 0.3069 - val_acc: 0.8653
Epoch 74/150
81s - loss: 0.2366 - acc: 0.8919 - val_loss: 0.3319 - val_acc: 0.8479
Epoch 75/150
81s - loss: 0.2242 - acc: 0.9027 - val_loss: 0.3110 - val_acc: 0.8678
Epoch 76/150
81s - loss: 0.2180 - acc: 0.9044 - val_loss: 0.2797 - val_acc: 0.8828
Epoch 77/150
81s - loss: 0.2702 - acc: 0.8811 - val_loss: 0.3213 - val_acc: 0.8304
Epoch 78/150
81s - loss: 0.2299 - acc: 0.8903 - val_loss: 0.2832 - val_acc: 0.8753
Epoch 79/150
81s - loss: 0.1848 - acc: 0.9244 - val_loss: 0.2995 - val_acc: 0.8628
Epoch 80/150
81s - loss: 0.2056 - acc: 0.9102 - val_loss: 0.3042 - val_acc: 0.8628
Epoch 81/150
81s - loss: 0.2089 - acc: 0.9002 - val_loss: 0.3054 - val_acc: 0.8703
Epoch 82/150
81s - loss: 0.1919 - acc: 0.9119 - val_loss: 0.2841 - val_acc: 0.8828
Epoch 83/150
81s - loss: 0.1757 - acc: 0.9127 - val_loss: 0.2806 - val_acc: 0.8828
Epoch 84/150
81s - loss: 0.1986 - acc: 0.8978 - val_loss: 0.2856 - val_acc: 0.8803
Epoch 85/150
81s - loss: 0.2008 - acc: 0.9144 - val_loss: 0.2900 - val_acc: 0.8703
Epoch 86/150
81s - loss: 0.1867 - acc: 0.9185 - val_loss: 0.2913 - val_acc: 0.8853
Epoch 87/150
82s - loss: 0.1713 - acc: 0.9244 - val_loss: 0.2978 - val_acc: 0.8828
Epoch 88/150
82s - loss: 0.1873 - acc: 0.9111 - val_loss: 0.3149 - val_acc: 0.8928
Epoch 89/150
81s - loss: 0.1722 - acc: 0.9252 - val_loss: 0.2930 - val_acc: 0.8853
Epoch 90/150
81s - loss: 0.1727 - acc: 0.9310 - val_loss: 0.2792 - val_acc: 0.8928
Epoch 91/150
81s - loss: 0.1749 - acc: 0.9202 - val_loss: 0.2838 - val_acc: 0.8778
Epoch 92/150
82s - loss: 0.1753 - acc: 0.9252 - val_loss: 0.2631 - val_acc: 0.8978
Epoch 93/150
81s - loss: 0.1764 - acc: 0.9268 - val_loss: 0.3025 - val_acc: 0.8778
Epoch 94/150
81s - loss: 0.1590 - acc: 0.9318 - val_loss: 0.2696 - val_acc: 0.8803
Epoch 95/150
81s - loss: 0.1801 - acc: 0.9127 - val_loss: 0.2909 - val_acc: 0.8878
Epoch 96/150
82s - loss: 0.2026 - acc: 0.9011 - val_loss: 0.2682 - val_acc: 0.8828
Epoch 97/150
81s - loss: 0.1724 - acc: 0.9277 - val_loss: 0.3161 - val_acc: 0.8678
Epoch 98/150
81s - loss: 0.2232 - acc: 0.8944 - val_loss: 0.3177 - val_acc: 0.8504
Epoch 99/150
81s - loss: 0.2116 - acc: 0.8986 - val_loss: 0.2721 - val_acc: 0.9002
Epoch 100/150
81s - loss: 0.1822 - acc: 0.9227 - val_loss: 0.2860 - val_acc: 0.8878
Epoch 101/150
81s - loss: 0.1724 - acc: 0.9227 - val_loss: 0.2895 - val_acc: 0.8953
Epoch 102/150
81s - loss: 0.1783 - acc: 0.9227 - val_loss: 0.2939 - val_acc: 0.8928
Epoch 103/150
81s - loss: 0.1810 - acc: 0.9252 - val_loss: 0.3180 - val_acc: 0.8803
Epoch 104/150
81s - loss: 0.1917 - acc: 0.9127 - val_loss: 0.2861 - val_acc: 0.8653
Epoch 105/150
82s - loss: 0.1527 - acc: 0.9343 - val_loss: 0.2774 - val_acc: 0.8903
Epoch 106/150
81s - loss: 0.1549 - acc: 0.9385 - val_loss: 0.2942 - val_acc: 0.8928
Epoch 107/150
81s - loss: 0.1461 - acc: 0.9368 - val_loss: 0.2842 - val_acc: 0.8903
Epoch 108/150
81s - loss: 0.1283 - acc: 0.9435 - val_loss: 0.2775 - val_acc: 0.8903
Epoch 109/150
81s - loss: 0.2706 - acc: 0.8770 - val_loss: 0.3117 - val_acc: 0.8928
Epoch 110/150
82s - loss: 0.1969 - acc: 0.9152 - val_loss: 0.2691 - val_acc: 0.8753
Epoch 111/150
81s - loss: 0.1799 - acc: 0.9219 - val_loss: 0.2812 - val_acc: 0.8703
Epoch 112/150
81s - loss: 0.1618 - acc: 0.9352 - val_loss: 0.3102 - val_acc: 0.8803
Epoch 113/150
81s - loss: 0.1572 - acc: 0.9327 - val_loss: 0.2711 - val_acc: 0.8803
Epoch 114/150
81s - loss: 0.1626 - acc: 0.9277 - val_loss: 0.3360 - val_acc: 0.8778
Epoch 115/150
81s - loss: 0.1863 - acc: 0.9210 - val_loss: 0.2811 - val_acc: 0.8728
Epoch 116/150
81s - loss: 0.1640 - acc: 0.9293 - val_loss: 0.2815 - val_acc: 0.8728
Epoch 117/150
81s - loss: 0.1804 - acc: 0.9119 - val_loss: 0.2549 - val_acc: 0.8803
Epoch 118/150
81s - loss: 0.1473 - acc: 0.9360 - val_loss: 0.2727 - val_acc: 0.8928
Epoch 119/150
81s - loss: 0.1399 - acc: 0.9385 - val_loss: 0.2937 - val_acc: 0.8928
Epoch 120/150
81s - loss: 0.1439 - acc: 0.9410 - val_loss: 0.3639 - val_acc: 0.8728
Epoch 121/150
81s - loss: 0.1451 - acc: 0.9343 - val_loss: 0.2751 - val_acc: 0.8803
Epoch 122/150
81s - loss: 0.1200 - acc: 0.9460 - val_loss: 0.3392 - val_acc: 0.8903
Epoch 123/150
81s - loss: 0.1215 - acc: 0.9460 - val_loss: 0.3036 - val_acc: 0.9027
Epoch 124/150
81s - loss: 0.1179 - acc: 0.9468 - val_loss: 0.3027 - val_acc: 0.8978
Epoch 125/150
81s - loss: 0.1254 - acc: 0.9460 - val_loss: 0.3262 - val_acc: 0.8978
Epoch 126/150
81s - loss: 0.1257 - acc: 0.9543 - val_loss: 0.3215 - val_acc: 0.9002
Epoch 127/150
81s - loss: 0.1330 - acc: 0.9410 - val_loss: 0.3307 - val_acc: 0.8928
Epoch 128/150
81s - loss: 0.1115 - acc: 0.9576 - val_loss: 0.3044 - val_acc: 0.8928
Epoch 129/150
81s - loss: 0.1043 - acc: 0.9568 - val_loss: 0.3243 - val_acc: 0.8953
Epoch 130/150
81s - loss: 0.1087 - acc: 0.9551 - val_loss: 0.3184 - val_acc: 0.8953
Epoch 131/150
81s - loss: 0.1251 - acc: 0.9468 - val_loss: 0.3100 - val_acc: 0.8978
Epoch 132/150
81s - loss: 0.1105 - acc: 0.9526 - val_loss: 0.3061 - val_acc: 0.8903
Epoch 133/150
81s - loss: 0.1094 - acc: 0.9559 - val_loss: 0.3294 - val_acc: 0.8828
Epoch 134/150
81s - loss: 0.0987 - acc: 0.9559 - val_loss: 0.3435 - val_acc: 0.8853
Epoch 135/150
81s - loss: 0.1131 - acc: 0.9451 - val_loss: 0.3651 - val_acc: 0.8903
Epoch 136/150
81s - loss: 0.1600 - acc: 0.9385 - val_loss: 0.3240 - val_acc: 0.9027
Epoch 137/150
81s - loss: 0.1588 - acc: 0.9277 - val_loss: 0.2932 - val_acc: 0.8853
Epoch 138/150
82s - loss: 0.1212 - acc: 0.9576 - val_loss: 0.3561 - val_acc: 0.8828
Epoch 139/150
81s - loss: 0.0939 - acc: 0.9634 - val_loss: 0.3364 - val_acc: 0.8978
Epoch 140/150
81s - loss: 0.0904 - acc: 0.9667 - val_loss: 0.3844 - val_acc: 0.8878
Epoch 141/150
81s - loss: 0.0875 - acc: 0.9667 - val_loss: 0.3734 - val_acc: 0.8928
Epoch 142/150
81s - loss: 0.0896 - acc: 0.9618 - val_loss: 0.3816 - val_acc: 0.8853
Epoch 143/150
82s - loss: 0.0832 - acc: 0.9609 - val_loss: 0.3741 - val_acc: 0.9052
Epoch 144/150
81s - loss: 0.0699 - acc: 0.9734 - val_loss: 0.3741 - val_acc: 0.8903
Epoch 145/150
82s - loss: 0.0815 - acc: 0.9651 - val_loss: 0.4207 - val_acc: 0.8903
Epoch 146/150
82s - loss: 0.0912 - acc: 0.9601 - val_loss: 0.3647 - val_acc: 0.8928
Epoch 147/150
81s - loss: 0.0932 - acc: 0.9568 - val_loss: 0.3735 - val_acc: 0.8928
Epoch 148/150
81s - loss: 0.0912 - acc: 0.9717 - val_loss: 0.3467 - val_acc: 0.8928
Epoch 149/150
82s - loss: 0.0742 - acc: 0.9676 - val_loss: 0.3547 - val_acc: 0.9052
Epoch 150/150
81s - loss: 0.0731 - acc: 0.9701 - val_loss: 0.3476 - val_acc: 0.8853
Training percent for iter 1 is 94.76309226932669 with log loss 0.13096546422742797
Testing percent for iter 1 is 88.02992523162442 with log loss 0.2548615737746184
 
Running iter 2
 
Train on 1203 samples, validate on 401 samples
Epoch 1/150
84s - loss: 7.8838 - acc: 0.4771 - val_loss: 8.6669 - val_acc: 0.4564
Epoch 2/150
83s - loss: 8.3886 - acc: 0.4738 - val_loss: 8.6669 - val_acc: 0.4564
Epoch 3/150
83s - loss: 8.3886 - acc: 0.4738 - val_loss: 8.6669 - val_acc: 0.4564
Epoch 4/150
83s - loss: 8.3886 - acc: 0.4738 - val_loss: 8.6669 - val_acc: 0.4564
Epoch 5/150
83s - loss: 8.3886 - acc: 0.4738 - val_loss: 8.6669 - val_acc: 0.4564
Epoch 6/150
83s - loss: 8.3886 - acc: 0.4738 - val_loss: 8.6669 - val_acc: 0.4564
Epoch 7/150
83s - loss: 8.3886 - acc: 0.4738 - val_loss: 8.6669 - val_acc: 0.4564
Epoch 8/150
83s - loss: 8.3886 - acc: 0.4738 - val_loss: 8.6669 - val_acc: 0.4564
Epoch 9/150
83s - loss: 8.3886 - acc: 0.4738 - val_loss: 8.6669 - val_acc: 0.4564
Epoch 10/150
83s - loss: 8.3886 - acc: 0.4738 - val_loss: 8.6669 - val_acc: 0.4564
Epoch 11/150
83s - loss: 8.3886 - acc: 0.4738 - val_loss: 8.6669 - val_acc: 0.4564
Epoch 12/150
83s - loss: 8.3886 - acc: 0.4738 - val_loss: 8.6669 - val_acc: 0.4564
Epoch 13/150
83s - loss: 8.3886 - acc: 0.4738 - val_loss: 8.6669 - val_acc: 0.4564
Epoch 14/150
83s - loss: 8.3886 - acc: 0.4738 - val_loss: 8.6669 - val_acc: 0.4564
Epoch 15/150
83s - loss: 8.3886 - acc: 0.4738 - val_loss: 8.6669 - val_acc: 0.4564
Epoch 16/150
83s - loss: 8.3886 - acc: 0.4738 - val_loss: 8.6669 - val_acc: 0.4564
Epoch 17/150
83s - loss: 8.3886 - acc: 0.4738 - val_loss: 8.6669 - val_acc: 0.4564
Epoch 18/150
83s - loss: 8.3886 - acc: 0.4738 - val_loss: 8.6669 - val_acc: 0.4564
Epoch 19/150
83s - loss: 8.3886 - acc: 0.4738 - val_loss: 8.6669 - val_acc: 0.4564
Epoch 20/150
83s - loss: 8.3886 - acc: 0.4738 - val_loss: 8.6669 - val_acc: 0.4564
Epoch 21/150
83s - loss: 8.3886 - acc: 0.4738 - val_loss: 8.6669 - val_acc: 0.4564
Epoch 22/150
83s - loss: 8.3886 - acc: 0.4738 - val_loss: 8.6669 - val_acc: 0.4564
Epoch 23/150
83s - loss: 8.3886 - acc: 0.4738 - val_loss: 8.6669 - val_acc: 0.4564
Epoch 24/150
83s - loss: 8.3886 - acc: 0.4738 - val_loss: 8.6669 - val_acc: 0.4564
Epoch 25/150
83s - loss: 8.3886 - acc: 0.4738 - val_loss: 8.6669 - val_acc: 0.4564
Epoch 26/150
83s - loss: 8.3886 - acc: 0.4738 - val_loss: 8.6669 - val_acc: 0.4564
Epoch 27/150
83s - loss: 8.3886 - acc: 0.4738 - val_loss: 8.6669 - val_acc: 0.4564
Epoch 28/150
83s - loss: 8.3886 - acc: 0.4738 - val_loss: 8.6669 - val_acc: 0.4564
Epoch 29/150
83s - loss: 8.3886 - acc: 0.4738 - val_loss: 8.6669 - val_acc: 0.4564
Epoch 30/150
83s - loss: 8.3886 - acc: 0.4738 - val_loss: 8.6669 - val_acc: 0.4564
Epoch 31/150
83s - loss: 8.3886 - acc: 0.4738 - val_loss: 8.6669 - val_acc: 0.4564
Epoch 32/150
83s - loss: 8.3886 - acc: 0.4738 - val_loss: 8.6669 - val_acc: 0.4564
Epoch 33/150
84s - loss: 8.3886 - acc: 0.4738 - val_loss: 8.6669 - val_acc: 0.4564
Epoch 34/150
83s - loss: 8.3886 - acc: 0.4738 - val_loss: 8.6669 - val_acc: 0.4564
Epoch 35/150
83s - loss: 8.3886 - acc: 0.4738 - val_loss: 8.6669 - val_acc: 0.4564
Epoch 36/150
83s - loss: 8.3886 - acc: 0.4738 - val_loss: 8.6669 - val_acc: 0.4564
Epoch 37/150
83s - loss: 8.3886 - acc: 0.4738 - val_loss: 8.6669 - val_acc: 0.4564
Epoch 38/150
83s - loss: 8.3886 - acc: 0.4738 - val_loss: 8.6669 - val_acc: 0.4564
Epoch 39/150
83s - loss: 8.3886 - acc: 0.4738 - val_loss: 8.6669 - val_acc: 0.4564
Epoch 40/150
83s - loss: 8.3886 - acc: 0.4738 - val_loss: 8.6669 - val_acc: 0.4564
Epoch 41/150
83s - loss: 8.3886 - acc: 0.4738 - val_loss: 8.6669 - val_acc: 0.4564
Epoch 42/150
83s - loss: 8.3886 - acc: 0.4738 - val_loss: 8.6669 - val_acc: 0.4564
Epoch 43/150
83s - loss: 8.3886 - acc: 0.4738 - val_loss: 8.6669 - val_acc: 0.4564
Epoch 44/150
83s - loss: 8.3886 - acc: 0.4738 - val_loss: 8.6669 - val_acc: 0.4564
Epoch 45/150
83s - loss: 8.3886 - acc: 0.4738 - val_loss: 8.6669 - val_acc: 0.4564
Epoch 46/150
83s - loss: 8.3886 - acc: 0.4738 - val_loss: 8.6669 - val_acc: 0.4564
Epoch 47/150
83s - loss: 8.3886 - acc: 0.4738 - val_loss: 8.6669 - val_acc: 0.4564
Epoch 48/150
83s - loss: 8.3886 - acc: 0.4738 - val_loss: 8.6669 - val_acc: 0.4564
Epoch 49/150
83s - loss: 8.3886 - acc: 0.4738 - val_loss: 8.6669 - val_acc: 0.4564
Epoch 50/150
83s - loss: 8.3886 - acc: 0.4738 - val_loss: 8.6669 - val_acc: 0.4564
Epoch 51/150
83s - loss: 8.3886 - acc: 0.4738 - val_loss: 8.6669 - val_acc: 0.4564
Epoch 52/150
83s - loss: 8.3886 - acc: 0.4738 - val_loss: 8.6669 - val_acc: 0.4564
Epoch 53/150
83s - loss: 8.3886 - acc: 0.4738 - val_loss: 8.6669 - val_acc: 0.4564
Epoch 54/150
83s - loss: 8.3886 - acc: 0.4738 - val_loss: 8.6669 - val_acc: 0.4564
Epoch 55/150
83s - loss: 8.3886 - acc: 0.4738 - val_loss: 8.6669 - val_acc: 0.4564
Epoch 56/150
83s - loss: 8.3886 - acc: 0.4738 - val_loss: 8.6669 - val_acc: 0.4564
Epoch 57/150
83s - loss: 8.3886 - acc: 0.4738 - val_loss: 8.6669 - val_acc: 0.4564
Epoch 58/150
83s - loss: 8.3886 - acc: 0.4738 - val_loss: 8.6669 - val_acc: 0.4564
Epoch 59/150
83s - loss: 8.3886 - acc: 0.4738 - val_loss: 8.6669 - val_acc: 0.4564
Epoch 60/150
83s - loss: 8.3886 - acc: 0.4738 - val_loss: 8.6669 - val_acc: 0.4564
Epoch 61/150
83s - loss: 8.3886 - acc: 0.4738 - val_loss: 8.6669 - val_acc: 0.4564
Epoch 62/150
83s - loss: 8.3886 - acc: 0.4738 - val_loss: 8.6669 - val_acc: 0.4564
Epoch 63/150
83s - loss: 8.3886 - acc: 0.4738 - val_loss: 8.6669 - val_acc: 0.4564
Epoch 64/150
83s - loss: 8.3886 - acc: 0.4738 - val_loss: 8.6669 - val_acc: 0.4564
Epoch 65/150
83s - loss: 8.3886 - acc: 0.4738 - val_loss: 8.6669 - val_acc: 0.4564
Epoch 66/150
83s - loss: 8.3886 - acc: 0.4738 - val_loss: 8.6669 - val_acc: 0.4564
Epoch 67/150
83s - loss: 8.3886 - acc: 0.4738 - val_loss: 8.6669 - val_acc: 0.4564
Epoch 68/150
83s - loss: 8.3886 - acc: 0.4738 - val_loss: 8.6669 - val_acc: 0.4564
Epoch 69/150
83s - loss: 8.3886 - acc: 0.4738 - val_loss: 8.6669 - val_acc: 0.4564
Epoch 70/150
83s - loss: 8.3886 - acc: 0.4738 - val_loss: 8.6669 - val_acc: 0.4564
Epoch 71/150
83s - loss: 8.3886 - acc: 0.4738 - val_loss: 8.6669 - val_acc: 0.4564
Epoch 72/150
83s - loss: 8.3886 - acc: 0.4738 - val_loss: 8.6669 - val_acc: 0.4564
Epoch 73/150
83s - loss: 8.3886 - acc: 0.4738 - val_loss: 8.6669 - val_acc: 0.4564
Epoch 74/150
83s - loss: 8.3886 - acc: 0.4738 - val_loss: 8.6669 - val_acc: 0.4564
Epoch 75/150
83s - loss: 8.3886 - acc: 0.4738 - val_loss: 8.6669 - val_acc: 0.4564
Epoch 76/150
83s - loss: 8.3886 - acc: 0.4738 - val_loss: 8.6669 - val_acc: 0.4564
Epoch 77/150
83s - loss: 8.3886 - acc: 0.4738 - val_loss: 8.6669 - val_acc: 0.4564
Epoch 78/150
83s - loss: 8.3886 - acc: 0.4738 - val_loss: 8.6669 - val_acc: 0.4564
Epoch 79/150
83s - loss: 8.3886 - acc: 0.4738 - val_loss: 8.6669 - val_acc: 0.4564
Epoch 80/150
83s - loss: 8.3886 - acc: 0.4738 - val_loss: 8.6669 - val_acc: 0.4564
Epoch 81/150
83s - loss: 8.3886 - acc: 0.4738 - val_loss: 8.6669 - val_acc: 0.4564
Epoch 82/150
83s - loss: 8.3886 - acc: 0.4738 - val_loss: 8.6669 - val_acc: 0.4564
Training percent for iter 2 is 47.381546129708674 with log loss 8.388636290581148
Testing percent for iter 2 is 45.635910328486915 with log loss 8.666932248712477
 
Running iter 3
 
Train on 1203 samples, validate on 401 samples
Epoch 1/150
84s - loss: 1.2009 - acc: 0.4929 - val_loss: 0.6929 - val_acc: 0.5436
Epoch 2/150
83s - loss: 0.6893 - acc: 0.5378 - val_loss: 0.6903 - val_acc: 0.5910
Epoch 3/150
83s - loss: 0.6659 - acc: 0.5287 - val_loss: 0.6050 - val_acc: 0.5436
Epoch 4/150
82s - loss: 0.6006 - acc: 0.5736 - val_loss: 0.5995 - val_acc: 0.6584
Epoch 5/150
82s - loss: 0.5731 - acc: 0.6700 - val_loss: 0.5741 - val_acc: 0.6509
Epoch 6/150
82s - loss: 0.5675 - acc: 0.6667 - val_loss: 0.5666 - val_acc: 0.6833
Epoch 7/150
82s - loss: 0.5565 - acc: 0.6850 - val_loss: 0.5458 - val_acc: 0.6883
Epoch 8/150
82s - loss: 0.5466 - acc: 0.6941 - val_loss: 0.5200 - val_acc: 0.7057
Epoch 9/150
82s - loss: 0.5220 - acc: 0.7132 - val_loss: 0.5031 - val_acc: 0.7257
Epoch 10/150
82s - loss: 0.4889 - acc: 0.7415 - val_loss: 0.4557 - val_acc: 0.7830
Epoch 11/150
82s - loss: 0.4749 - acc: 0.7631 - val_loss: 0.4537 - val_acc: 0.7731
Epoch 12/150
82s - loss: 0.4275 - acc: 0.8113 - val_loss: 0.6093 - val_acc: 0.7232
Epoch 13/150
82s - loss: 0.5097 - acc: 0.7664 - val_loss: 0.4697 - val_acc: 0.7556
Epoch 14/150
82s - loss: 0.4370 - acc: 0.8013 - val_loss: 0.4582 - val_acc: 0.7930
Epoch 15/150
82s - loss: 0.3992 - acc: 0.8138 - val_loss: 0.4268 - val_acc: 0.7955
Epoch 16/150
82s - loss: 0.3738 - acc: 0.8304 - val_loss: 0.4545 - val_acc: 0.7955
Epoch 17/150
82s - loss: 0.4250 - acc: 0.8030 - val_loss: 0.4160 - val_acc: 0.7930
Epoch 18/150
82s - loss: 0.3994 - acc: 0.8130 - val_loss: 0.4987 - val_acc: 0.7706
Epoch 19/150
82s - loss: 0.5215 - acc: 0.7332 - val_loss: 0.4658 - val_acc: 0.7731
Epoch 20/150
82s - loss: 0.5131 - acc: 0.7515 - val_loss: 0.4807 - val_acc: 0.7631
Epoch 21/150
82s - loss: 0.4713 - acc: 0.7631 - val_loss: 0.4267 - val_acc: 0.7955
Epoch 22/150
82s - loss: 0.4696 - acc: 0.7722 - val_loss: 0.4409 - val_acc: 0.7980
Epoch 23/150
82s - loss: 0.4247 - acc: 0.8047 - val_loss: 0.4857 - val_acc: 0.7556
Epoch 24/150
82s - loss: 0.4195 - acc: 0.8138 - val_loss: 0.4995 - val_acc: 0.7706
Epoch 25/150
82s - loss: 0.4316 - acc: 0.7905 - val_loss: 0.4437 - val_acc: 0.7855
Epoch 26/150
82s - loss: 0.3888 - acc: 0.8254 - val_loss: 0.4705 - val_acc: 0.7781
Epoch 27/150
82s - loss: 0.5362 - acc: 0.7165 - val_loss: 0.4261 - val_acc: 0.8080
Epoch 28/150
82s - loss: 0.4017 - acc: 0.8146 - val_loss: 0.4269 - val_acc: 0.8105
Epoch 29/150
82s - loss: 0.3935 - acc: 0.8254 - val_loss: 0.4141 - val_acc: 0.8080
Epoch 30/150
82s - loss: 0.3617 - acc: 0.8304 - val_loss: 0.4425 - val_acc: 0.7980
Epoch 31/150
82s - loss: 0.3686 - acc: 0.8296 - val_loss: 0.4020 - val_acc: 0.8080
Epoch 32/150
82s - loss: 0.3419 - acc: 0.8404 - val_loss: 0.3925 - val_acc: 0.8180
Epoch 33/150
82s - loss: 0.3650 - acc: 0.8288 - val_loss: 0.4005 - val_acc: 0.8180
Epoch 34/150
82s - loss: 0.3341 - acc: 0.8470 - val_loss: 0.4080 - val_acc: 0.8080
Epoch 35/150
82s - loss: 0.3167 - acc: 0.8603 - val_loss: 0.4181 - val_acc: 0.8105
Epoch 36/150
82s - loss: 0.3068 - acc: 0.8570 - val_loss: 0.4424 - val_acc: 0.8105
Epoch 37/150
82s - loss: 0.3180 - acc: 0.8562 - val_loss: 0.4752 - val_acc: 0.8130
Epoch 38/150
82s - loss: 0.3022 - acc: 0.8687 - val_loss: 0.4183 - val_acc: 0.8204
Epoch 39/150
82s - loss: 0.2868 - acc: 0.8736 - val_loss: 0.3771 - val_acc: 0.8304
Epoch 40/150
82s - loss: 0.2786 - acc: 0.8736 - val_loss: 0.3849 - val_acc: 0.8329
Epoch 41/150
82s - loss: 0.3467 - acc: 0.8454 - val_loss: 0.4041 - val_acc: 0.8254
Epoch 42/150
82s - loss: 0.3514 - acc: 0.8462 - val_loss: 0.4139 - val_acc: 0.8180
Epoch 43/150
82s - loss: 0.3081 - acc: 0.8620 - val_loss: 0.4137 - val_acc: 0.8055
Epoch 44/150
82s - loss: 0.2992 - acc: 0.8736 - val_loss: 0.3934 - val_acc: 0.8329
Epoch 45/150
82s - loss: 0.2900 - acc: 0.8628 - val_loss: 0.3666 - val_acc: 0.8304
Epoch 46/150
82s - loss: 0.2593 - acc: 0.8869 - val_loss: 0.3842 - val_acc: 0.8429
Epoch 47/150
82s - loss: 0.2532 - acc: 0.8919 - val_loss: 0.3441 - val_acc: 0.8479
Epoch 48/150
82s - loss: 0.2568 - acc: 0.8803 - val_loss: 0.4049 - val_acc: 0.8404
Epoch 49/150
82s - loss: 0.2699 - acc: 0.8770 - val_loss: 0.3445 - val_acc: 0.8504
Epoch 50/150
82s - loss: 0.2501 - acc: 0.8894 - val_loss: 0.3958 - val_acc: 0.8504
Epoch 51/150
82s - loss: 0.2736 - acc: 0.8811 - val_loss: 0.3858 - val_acc: 0.8329
Epoch 52/150
82s - loss: 0.2559 - acc: 0.8928 - val_loss: 0.3696 - val_acc: 0.8354
Epoch 53/150
82s - loss: 0.2220 - acc: 0.9044 - val_loss: 0.4109 - val_acc: 0.8404
Epoch 54/150
82s - loss: 0.2258 - acc: 0.8953 - val_loss: 0.4108 - val_acc: 0.8354
Epoch 55/150
82s - loss: 0.2648 - acc: 0.8820 - val_loss: 0.3869 - val_acc: 0.8454
Epoch 56/150
82s - loss: 0.2416 - acc: 0.8894 - val_loss: 0.3303 - val_acc: 0.8579
Epoch 57/150
82s - loss: 0.2406 - acc: 0.8944 - val_loss: 0.3397 - val_acc: 0.8454
Epoch 58/150
82s - loss: 0.2865 - acc: 0.8786 - val_loss: 0.3618 - val_acc: 0.8229
Epoch 59/150
82s - loss: 0.2692 - acc: 0.8728 - val_loss: 0.3382 - val_acc: 0.8479
Epoch 60/150
82s - loss: 0.2649 - acc: 0.8795 - val_loss: 0.3192 - val_acc: 0.8404
Epoch 61/150
82s - loss: 0.2686 - acc: 0.8836 - val_loss: 0.3292 - val_acc: 0.8529
Epoch 62/150
82s - loss: 0.2643 - acc: 0.8761 - val_loss: 0.3532 - val_acc: 0.8504
Epoch 63/150
82s - loss: 0.2263 - acc: 0.8978 - val_loss: 0.3245 - val_acc: 0.8603
Epoch 64/150
82s - loss: 0.2292 - acc: 0.8994 - val_loss: 0.3526 - val_acc: 0.8479
Epoch 65/150
82s - loss: 0.2470 - acc: 0.8919 - val_loss: 0.3097 - val_acc: 0.8653
Epoch 66/150
82s - loss: 0.2269 - acc: 0.8994 - val_loss: 0.2998 - val_acc: 0.8603
Epoch 67/150
82s - loss: 0.2118 - acc: 0.9061 - val_loss: 0.3438 - val_acc: 0.8579
Epoch 68/150
82s - loss: 0.2100 - acc: 0.9086 - val_loss: 0.2989 - val_acc: 0.8554
Epoch 69/150
82s - loss: 0.2118 - acc: 0.9011 - val_loss: 0.3136 - val_acc: 0.8678
Epoch 70/150
82s - loss: 0.2153 - acc: 0.9019 - val_loss: 0.2953 - val_acc: 0.8703
Epoch 71/150
82s - loss: 0.1955 - acc: 0.9061 - val_loss: 0.3122 - val_acc: 0.8678
Epoch 72/150
82s - loss: 0.2080 - acc: 0.9044 - val_loss: 0.4263 - val_acc: 0.8653
Epoch 73/150
82s - loss: 0.2010 - acc: 0.9094 - val_loss: 0.3457 - val_acc: 0.8454
Epoch 74/150
82s - loss: 0.2341 - acc: 0.8936 - val_loss: 0.4176 - val_acc: 0.8579
Epoch 75/150
82s - loss: 0.1963 - acc: 0.9086 - val_loss: 0.3028 - val_acc: 0.8778
Epoch 76/150
82s - loss: 0.1842 - acc: 0.9185 - val_loss: 0.2914 - val_acc: 0.8978
Epoch 77/150
82s - loss: 0.1972 - acc: 0.9094 - val_loss: 0.3210 - val_acc: 0.8603
Epoch 78/150
82s - loss: 0.2482 - acc: 0.8936 - val_loss: 0.3190 - val_acc: 0.8554
Epoch 79/150
82s - loss: 0.2246 - acc: 0.8911 - val_loss: 0.3525 - val_acc: 0.8653
Epoch 80/150
82s - loss: 0.2275 - acc: 0.8928 - val_loss: 0.2900 - val_acc: 0.8753
Epoch 81/150
82s - loss: 0.2254 - acc: 0.8911 - val_loss: 0.2874 - val_acc: 0.8678
Epoch 82/150
82s - loss: 0.1978 - acc: 0.9086 - val_loss: 0.2619 - val_acc: 0.8828
Epoch 83/150
82s - loss: 0.2070 - acc: 0.9102 - val_loss: 0.2825 - val_acc: 0.8903
Epoch 84/150
82s - loss: 0.1832 - acc: 0.9135 - val_loss: 0.2794 - val_acc: 0.8803
Epoch 85/150
82s - loss: 0.1801 - acc: 0.9252 - val_loss: 0.2872 - val_acc: 0.8803
Epoch 86/150
82s - loss: 0.2023 - acc: 0.9077 - val_loss: 0.2761 - val_acc: 0.8653
Epoch 87/150
82s - loss: 0.1875 - acc: 0.9177 - val_loss: 0.3104 - val_acc: 0.8753
Epoch 88/150
82s - loss: 0.1808 - acc: 0.9235 - val_loss: 0.3026 - val_acc: 0.8728
Epoch 89/150
82s - loss: 0.1793 - acc: 0.9252 - val_loss: 0.2481 - val_acc: 0.8828
Epoch 90/150
82s - loss: 0.1741 - acc: 0.9235 - val_loss: 0.2513 - val_acc: 0.8828
Epoch 91/150
82s - loss: 0.1708 - acc: 0.9260 - val_loss: 0.2540 - val_acc: 0.8953
Epoch 92/150
82s - loss: 0.1543 - acc: 0.9352 - val_loss: 0.2777 - val_acc: 0.8753
Epoch 93/150
82s - loss: 0.1637 - acc: 0.9227 - val_loss: 0.3324 - val_acc: 0.8778
Epoch 94/150
82s - loss: 0.1679 - acc: 0.9235 - val_loss: 0.3495 - val_acc: 0.8753
Epoch 95/150
82s - loss: 0.2593 - acc: 0.8978 - val_loss: 0.2815 - val_acc: 0.8803
Epoch 96/150
82s - loss: 0.2146 - acc: 0.8978 - val_loss: 0.2767 - val_acc: 0.8903
Epoch 97/150
82s - loss: 0.1700 - acc: 0.9302 - val_loss: 0.2876 - val_acc: 0.8978
Epoch 98/150
82s - loss: 0.1555 - acc: 0.9293 - val_loss: 0.3084 - val_acc: 0.9002
Epoch 99/150
82s - loss: 0.1880 - acc: 0.9210 - val_loss: 0.2627 - val_acc: 0.8953
Epoch 100/150
82s - loss: 0.1609 - acc: 0.9268 - val_loss: 0.3133 - val_acc: 0.8778
Epoch 101/150
82s - loss: 0.1489 - acc: 0.9368 - val_loss: 0.2606 - val_acc: 0.9002
Epoch 102/150
82s - loss: 0.1451 - acc: 0.9385 - val_loss: 0.2768 - val_acc: 0.8903
Epoch 103/150
82s - loss: 0.1441 - acc: 0.9393 - val_loss: 0.3038 - val_acc: 0.8878
Epoch 104/150
82s - loss: 0.1409 - acc: 0.9360 - val_loss: 0.2805 - val_acc: 0.9002
Epoch 105/150
82s - loss: 0.1598 - acc: 0.9393 - val_loss: 0.2586 - val_acc: 0.8928
Epoch 106/150
82s - loss: 0.1433 - acc: 0.9426 - val_loss: 0.3945 - val_acc: 0.8803
Epoch 107/150
82s - loss: 0.1462 - acc: 0.9335 - val_loss: 0.2820 - val_acc: 0.9002
Epoch 108/150
82s - loss: 0.2158 - acc: 0.9086 - val_loss: 0.3192 - val_acc: 0.8529
Epoch 109/150
82s - loss: 0.1943 - acc: 0.9135 - val_loss: 0.3490 - val_acc: 0.8728
Epoch 110/150
82s - loss: 0.1766 - acc: 0.9219 - val_loss: 0.3429 - val_acc: 0.8703
Epoch 111/150
82s - loss: 0.1695 - acc: 0.9210 - val_loss: 0.3244 - val_acc: 0.8803
Epoch 112/150
82s - loss: 0.1661 - acc: 0.9227 - val_loss: 0.3488 - val_acc: 0.8828
Epoch 113/150
82s - loss: 0.1797 - acc: 0.9177 - val_loss: 0.3001 - val_acc: 0.8728
Epoch 114/150
82s - loss: 0.1828 - acc: 0.9177 - val_loss: 0.3266 - val_acc: 0.8853
Epoch 115/150
82s - loss: 0.1619 - acc: 0.9293 - val_loss: 0.3259 - val_acc: 0.8653
Epoch 116/150
82s - loss: 0.2270 - acc: 0.9052 - val_loss: 0.2756 - val_acc: 0.8853
Epoch 117/150
82s - loss: 0.1795 - acc: 0.9252 - val_loss: 0.3106 - val_acc: 0.8928
Epoch 118/150
82s - loss: 0.1453 - acc: 0.9401 - val_loss: 0.3019 - val_acc: 0.8953
Epoch 119/150
82s - loss: 0.1465 - acc: 0.9335 - val_loss: 0.3145 - val_acc: 0.8878
Epoch 120/150
82s - loss: 0.1289 - acc: 0.9493 - val_loss: 0.3457 - val_acc: 0.8778
Epoch 121/150
82s - loss: 0.2086 - acc: 0.9019 - val_loss: 0.2554 - val_acc: 0.8928
Epoch 122/150
82s - loss: 0.1644 - acc: 0.9293 - val_loss: 0.2590 - val_acc: 0.9052
Epoch 123/150
82s - loss: 0.1454 - acc: 0.9410 - val_loss: 0.2828 - val_acc: 0.8853
Epoch 124/150
82s - loss: 0.1494 - acc: 0.9393 - val_loss: 0.2515 - val_acc: 0.8803
Epoch 125/150
82s - loss: 0.1428 - acc: 0.9335 - val_loss: 0.2640 - val_acc: 0.8903
Epoch 126/150
82s - loss: 0.1266 - acc: 0.9443 - val_loss: 0.3174 - val_acc: 0.8853
Epoch 127/150
82s - loss: 0.1591 - acc: 0.9310 - val_loss: 0.2989 - val_acc: 0.8653
Epoch 128/150
82s - loss: 0.1454 - acc: 0.9335 - val_loss: 0.3032 - val_acc: 0.8903
Epoch 129/150
82s - loss: 0.1273 - acc: 0.9426 - val_loss: 0.2832 - val_acc: 0.8878
Epoch 130/150
82s - loss: 0.1161 - acc: 0.9518 - val_loss: 0.3288 - val_acc: 0.8803
Epoch 131/150
82s - loss: 0.2054 - acc: 0.9086 - val_loss: 0.3252 - val_acc: 0.8603
Epoch 132/150
82s - loss: 0.1990 - acc: 0.9086 - val_loss: 0.2857 - val_acc: 0.8728
Epoch 133/150
82s - loss: 0.1537 - acc: 0.9277 - val_loss: 0.2782 - val_acc: 0.8878
Epoch 134/150
82s - loss: 0.1418 - acc: 0.9410 - val_loss: 0.3525 - val_acc: 0.8828
Epoch 135/150
82s - loss: 0.1319 - acc: 0.9377 - val_loss: 0.3098 - val_acc: 0.8828
Epoch 136/150
82s - loss: 0.1478 - acc: 0.9302 - val_loss: 0.2774 - val_acc: 0.8903
Epoch 137/150
82s - loss: 0.1303 - acc: 0.9410 - val_loss: 0.3093 - val_acc: 0.8853
Epoch 138/150
82s - loss: 0.1082 - acc: 0.9510 - val_loss: 0.3242 - val_acc: 0.8853
Epoch 139/150
82s - loss: 0.1197 - acc: 0.9501 - val_loss: 0.3862 - val_acc: 0.8853
Epoch 140/150
82s - loss: 0.1672 - acc: 0.9260 - val_loss: 0.3659 - val_acc: 0.8778
Epoch 141/150
82s - loss: 0.1373 - acc: 0.9385 - val_loss: 0.3343 - val_acc: 0.8903
Epoch 142/150
82s - loss: 0.1557 - acc: 0.9410 - val_loss: 0.2880 - val_acc: 0.8928
Epoch 143/150
82s - loss: 0.1456 - acc: 0.9435 - val_loss: 0.2922 - val_acc: 0.8903
Epoch 144/150
82s - loss: 0.1291 - acc: 0.9485 - val_loss: 0.2859 - val_acc: 0.8953
Epoch 145/150
82s - loss: 0.1031 - acc: 0.9543 - val_loss: 0.3913 - val_acc: 0.8703
Epoch 146/150
82s - loss: 0.3394 - acc: 0.8579 - val_loss: 0.3554 - val_acc: 0.8354
Epoch 147/150
82s - loss: 0.2684 - acc: 0.8786 - val_loss: 0.2865 - val_acc: 0.8678
Epoch 148/150
82s - loss: 0.2051 - acc: 0.9152 - val_loss: 0.3077 - val_acc: 0.8803
Epoch 149/150
82s - loss: 0.1668 - acc: 0.9302 - val_loss: 0.2835 - val_acc: 0.8953
Epoch 150/150
82s - loss: 0.1438 - acc: 0.9493 - val_loss: 0.3202 - val_acc: 0.8753
Training percent for iter 3 is 95.17871986699917 with log loss 0.13034691704020634
Testing percent for iter 3 is 88.27930179022792 with log loss 0.24812552236262106
 
Running iter 4
 
Train on 1203 samples, validate on 401 samples
Epoch 1/150
84s - loss: 7.5632 - acc: 0.4705 - val_loss: 8.6669 - val_acc: 0.4564
Epoch 2/150
83s - loss: 8.3886 - acc: 0.4738 - val_loss: 8.6669 - val_acc: 0.4564
Epoch 3/150
83s - loss: 8.3886 - acc: 0.4738 - val_loss: 8.6669 - val_acc: 0.4564
Epoch 4/150
83s - loss: 8.3886 - acc: 0.4738 - val_loss: 8.6669 - val_acc: 0.4564
Epoch 5/150
83s - loss: 8.3886 - acc: 0.4738 - val_loss: 8.6669 - val_acc: 0.4564
Epoch 6/150
83s - loss: 8.3886 - acc: 0.4738 - val_loss: 8.6669 - val_acc: 0.4564
Epoch 7/150
83s - loss: 8.3886 - acc: 0.4738 - val_loss: 8.6669 - val_acc: 0.4564
Epoch 8/150
83s - loss: 8.3886 - acc: 0.4738 - val_loss: 8.6669 - val_acc: 0.4564
Epoch 9/150
83s - loss: 8.3886 - acc: 0.4738 - val_loss: 8.6669 - val_acc: 0.4564
Epoch 10/150
83s - loss: 8.3886 - acc: 0.4738 - val_loss: 8.6669 - val_acc: 0.4564
Epoch 11/150
83s - loss: 8.3886 - acc: 0.4738 - val_loss: 8.6669 - val_acc: 0.4564
Epoch 12/150
83s - loss: 8.3886 - acc: 0.4738 - val_loss: 8.6669 - val_acc: 0.4564
Epoch 13/150
83s - loss: 8.3886 - acc: 0.4738 - val_loss: 8.6669 - val_acc: 0.4564
Epoch 14/150
83s - loss: 8.3886 - acc: 0.4738 - val_loss: 8.6669 - val_acc: 0.4564
Epoch 15/150
83s - loss: 8.3886 - acc: 0.4738 - val_loss: 8.6669 - val_acc: 0.4564
Epoch 16/150
83s - loss: 8.3886 - acc: 0.4738 - val_loss: 8.6669 - val_acc: 0.4564
Epoch 17/150
83s - loss: 8.3886 - acc: 0.4738 - val_loss: 8.6669 - val_acc: 0.4564
Epoch 18/150
83s - loss: 8.3886 - acc: 0.4738 - val_loss: 8.6669 - val_acc: 0.4564
Epoch 19/150
83s - loss: 8.3886 - acc: 0.4738 - val_loss: 8.6669 - val_acc: 0.4564
Epoch 20/150
83s - loss: 8.3886 - acc: 0.4738 - val_loss: 8.6669 - val_acc: 0.4564
Epoch 21/150
83s - loss: 8.3886 - acc: 0.4738 - val_loss: 8.6669 - val_acc: 0.4564
Epoch 22/150
83s - loss: 8.3886 - acc: 0.4738 - val_loss: 8.6669 - val_acc: 0.4564
Epoch 23/150
83s - loss: 8.3886 - acc: 0.4738 - val_loss: 8.6669 - val_acc: 0.4564
Epoch 24/150
83s - loss: 8.3886 - acc: 0.4738 - val_loss: 8.6669 - val_acc: 0.4564
Epoch 25/150
83s - loss: 8.3886 - acc: 0.4738 - val_loss: 8.6669 - val_acc: 0.4564
Epoch 26/150
83s - loss: 8.3886 - acc: 0.4738 - val_loss: 8.6669 - val_acc: 0.4564
Epoch 27/150
83s - loss: 8.3886 - acc: 0.4738 - val_loss: 8.6669 - val_acc: 0.4564
Epoch 28/150
83s - loss: 8.3886 - acc: 0.4738 - val_loss: 8.6669 - val_acc: 0.4564
Epoch 29/150
83s - loss: 8.3886 - acc: 0.4738 - val_loss: 8.6669 - val_acc: 0.4564
Epoch 30/150
83s - loss: 8.3886 - acc: 0.4738 - val_loss: 8.6669 - val_acc: 0.4564
Epoch 31/150
83s - loss: 8.3886 - acc: 0.4738 - val_loss: 8.6669 - val_acc: 0.4564
Epoch 32/150
83s - loss: 8.3886 - acc: 0.4738 - val_loss: 8.6669 - val_acc: 0.4564
Epoch 33/150
83s - loss: 8.3886 - acc: 0.4738 - val_loss: 8.6669 - val_acc: 0.4564
Epoch 34/150
83s - loss: 8.3886 - acc: 0.4738 - val_loss: 8.6669 - val_acc: 0.4564
Epoch 35/150
83s - loss: 8.3886 - acc: 0.4738 - val_loss: 8.6669 - val_acc: 0.4564
Epoch 36/150
83s - loss: 8.3886 - acc: 0.4738 - val_loss: 8.6669 - val_acc: 0.4564
Epoch 37/150
83s - loss: 8.3886 - acc: 0.4738 - val_loss: 8.6669 - val_acc: 0.4564
Epoch 38/150
83s - loss: 8.3886 - acc: 0.4738 - val_loss: 8.6669 - val_acc: 0.4564
Epoch 39/150
83s - loss: 8.3886 - acc: 0.4738 - val_loss: 8.6669 - val_acc: 0.4564
Epoch 40/150
83s - loss: 8.3886 - acc: 0.4738 - val_loss: 8.6669 - val_acc: 0.4564
Epoch 41/150
83s - loss: 8.3886 - acc: 0.4738 - val_loss: 8.6669 - val_acc: 0.4564
Epoch 42/150
83s - loss: 8.3886 - acc: 0.4738 - val_loss: 8.6669 - val_acc: 0.4564
Epoch 43/150
83s - loss: 8.3886 - acc: 0.4738 - val_loss: 8.6669 - val_acc: 0.4564
Epoch 44/150
83s - loss: 8.3886 - acc: 0.4738 - val_loss: 8.6669 - val_acc: 0.4564
Epoch 45/150
83s - loss: 8.3886 - acc: 0.4738 - val_loss: 8.6669 - val_acc: 0.4564
Epoch 46/150
83s - loss: 8.3886 - acc: 0.4738 - val_loss: 8.6669 - val_acc: 0.4564
Epoch 47/150
