Using TensorFlow backend.
/users/PAS1383/osu10171/.conda/envs/local/lib/python2.7/site-packages/h5py/__init__.py:34: FutureWarning: Conversion of the second argument of issubdtype from `float` to `np.floating` is deprecated. In future, it will be treated as `np.float64 == np.dtype(float).type`.
  from ._conv import register_converters as _register_converters
You have chosen: Namespace(flip=0)
 
2018-07-25 10:56:37.407223: W tensorflow/core/platform/cpu_feature_guard.cc:45] The TensorFlow library wasn't compiled to use SSE4.1 instructions, but these are available on your machine and could speed up CPU computations.
2018-07-25 10:56:37.407917: W tensorflow/core/platform/cpu_feature_guard.cc:45] The TensorFlow library wasn't compiled to use SSE4.2 instructions, but these are available on your machine and could speed up CPU computations.
/users/PAS1383/osu10171/.conda/envs/local/lib/python2.7/site-packages/keras/models.py:258: UserWarning: No training configuration found in save file: the model was *not* compiled. Compile it manually.
  warnings.warn('No training configuration found in save file: '
Train on 9627 samples, validate on 401 samples
Epoch 1/70
1577s - loss: 209.7017 - acc: 0.3151 - val_loss: 332.3270 - val_acc: 0.7840
Epoch 2/70
1575s - loss: 45.9293 - acc: 0.4077 - val_loss: 286.3227 - val_acc: 0.8271
Epoch 3/70
1575s - loss: 34.5096 - acc: 0.4388 - val_loss: 234.1829 - val_acc: 0.8528
Epoch 4/70
1575s - loss: 27.9315 - acc: 0.4716 - val_loss: 189.5046 - val_acc: 0.8485
Epoch 5/70
1574s - loss: 23.9840 - acc: 0.4910 - val_loss: 162.4140 - val_acc: 0.8523
Epoch 6/70
1575s - loss: 21.4890 - acc: 0.5027 - val_loss: 146.8575 - val_acc: 0.8528
Epoch 7/70
1575s - loss: 19.7583 - acc: 0.5144 - val_loss: 149.0592 - val_acc: 0.8497
Epoch 8/70
1573s - loss: 18.7531 - acc: 0.5216 - val_loss: 150.5691 - val_acc: 0.8510
Epoch 9/70
1574s - loss: 17.7860 - acc: 0.5296 - val_loss: 135.0212 - val_acc: 0.8517
Epoch 10/70
1574s - loss: 16.9999 - acc: 0.5376 - val_loss: 132.2483 - val_acc: 0.8561
Epoch 11/70
1574s - loss: 16.4914 - acc: 0.5422 - val_loss: 122.2927 - val_acc: 0.8680
Epoch 12/70
