Using TensorFlow backend.
/users/PAS1383/osu10171/.conda/envs/local/lib/python2.7/site-packages/h5py/__init__.py:34: FutureWarning: Conversion of the second argument of issubdtype from `float` to `np.floating` is deprecated. In future, it will be treated as `np.float64 == np.dtype(float).type`.
  from ._conv import register_converters as _register_converters
 
2.7.13 |Anaconda 2.1.0 (64-bit)| (default, Dec 20 2016, 23:09:15) 
[GCC 4.4.7 20120313 (Red Hat 4.4.7-1)]
 
You have chosen: Namespace(bsize=100, epo=70, f1=11250, f2=50, f3=100, f4=1, h=10, imgsize=75, m=1604, pseuSize=500, trimsize=0)
 
x and y (1703, 75, 75, 3) (1703,)
2018-07-23 12:32:21.009971: W tensorflow/core/platform/cpu_feature_guard.cc:45] The TensorFlow library wasn't compiled to use SSE4.1 instructions, but these are available on your machine and could speed up CPU computations.
2018-07-23 12:32:21.010433: W tensorflow/core/platform/cpu_feature_guard.cc:45] The TensorFlow library wasn't compiled to use SSE4.2 instructions, but these are available on your machine and could speed up CPU computations.
Train on 1703 samples, validate on 401 samples
Epoch 1/70
117s - loss: 0.1867 - acc: 0.9201 - val_loss: 0.2081 - val_acc: 0.9027
Epoch 2/70
117s - loss: 0.3506 - acc: 0.8356 - val_loss: 0.3550 - val_acc: 0.8354
Epoch 3/70
118s - loss: 0.3394 - acc: 0.8397 - val_loss: 0.3364 - val_acc: 0.8529
Epoch 4/70
117s - loss: 0.2562 - acc: 0.8920 - val_loss: 0.2169 - val_acc: 0.9102
Epoch 5/70
118s - loss: 0.2579 - acc: 0.8972 - val_loss: 0.2367 - val_acc: 0.8953
Epoch 6/70
118s - loss: 0.3462 - acc: 0.8203 - val_loss: 0.3970 - val_acc: 0.8279
Epoch 7/70
