Using TensorFlow backend.
/users/PAS1383/osu10171/.conda/envs/local/lib/python2.7/site-packages/h5py/__init__.py:34: FutureWarning: Conversion of the second argument of issubdtype from `float` to `np.floating` is deprecated. In future, it will be treated as `np.float64 == np.dtype(float).type`.
  from ._conv import register_converters as _register_converters
 
2.7.13 |Anaconda 2.1.0 (64-bit)| (default, Dec 20 2016, 23:09:15) 
[GCC 4.4.7 20120313 (Red Hat 4.4.7-1)]
 
You have chosen: Namespace(bsize=100, epo=70, f1=11250, f2=50, f3=100, f4=1, flip=1, h=18, imgsize=75, m=1604)
 
Denoising the images
done denoising
x and y (7218, 75, 75, 3) (7218,)
2018-07-23 10:42:00.847842: W tensorflow/core/platform/cpu_feature_guard.cc:45] The TensorFlow library wasn't compiled to use SSE4.1 instructions, but these are available on your machine and could speed up CPU computations.
2018-07-23 10:42:00.848383: W tensorflow/core/platform/cpu_feature_guard.cc:45] The TensorFlow library wasn't compiled to use SSE4.2 instructions, but these are available on your machine and could speed up CPU computations.
Train on 7218 samples, validate on 401 samples
Epoch 1/70
461s - loss: 0.4508 - acc: 0.7826 - val_loss: 0.3306 - val_acc: 0.8304
Epoch 2/70
460s - loss: 0.3159 - acc: 0.8605 - val_loss: 0.2119 - val_acc: 0.9277
Epoch 3/70
459s - loss: 0.2666 - acc: 0.8832 - val_loss: 0.2189 - val_acc: 0.9127
Epoch 4/70
458s - loss: 0.2692 - acc: 0.8868 - val_loss: 0.2398 - val_acc: 0.8853
Epoch 5/70
458s - loss: 0.2407 - acc: 0.8979 - val_loss: 0.2082 - val_acc: 0.9127
Epoch 6/70
458s - loss: 0.2459 - acc: 0.8907 - val_loss: 0.2063 - val_acc: 0.9252
Epoch 7/70
458s - loss: 0.2195 - acc: 0.9062 - val_loss: 0.2258 - val_acc: 0.9077
Epoch 8/70
459s - loss: 0.2294 - acc: 0.9047 - val_loss: 0.1940 - val_acc: 0.9476
Epoch 9/70
460s - loss: 0.1980 - acc: 0.9178 - val_loss: 0.1726 - val_acc: 0.9426
Epoch 10/70
460s - loss: 0.1952 - acc: 0.9174 - val_loss: 0.1972 - val_acc: 0.9277
Epoch 11/70
460s - loss: 0.1961 - acc: 0.9154 - val_loss: 0.1727 - val_acc: 0.9352
Epoch 12/70
460s - loss: 0.1802 - acc: 0.9219 - val_loss: 0.2057 - val_acc: 0.9401
Epoch 13/70
458s - loss: 0.1916 - acc: 0.9151 - val_loss: 0.1941 - val_acc: 0.9252
Epoch 14/70
458s - loss: 0.1926 - acc: 0.9173 - val_loss: 0.1942 - val_acc: 0.9227
Epoch 15/70
458s - loss: 0.1793 - acc: 0.9256 - val_loss: 0.1923 - val_acc: 0.9302
Epoch 16/70
458s - loss: 0.1708 - acc: 0.9253 - val_loss: 0.2175 - val_acc: 0.9277
Epoch 17/70
