Using TensorFlow backend.
/users/PAS1383/osu10171/.conda/envs/local/lib/python2.7/site-packages/h5py/__init__.py:34: FutureWarning: Conversion of the second argument of issubdtype from `float` to `np.floating` is deprecated. In future, it will be treated as `np.float64 == np.dtype(float).type`.
  from ._conv import register_converters as _register_converters
 
2.7.13 |Anaconda 2.1.0 (64-bit)| (default, Dec 20 2016, 23:09:15) 
[GCC 4.4.7 20120313 (Red Hat 4.4.7-1)]
 
You have chosen: Namespace(bsize=100, epo=70, f1=11250, f2=50, f3=100, f4=1, flip=1, h=10, imgsize=75, m=1604)
 
Denoising the images
done denoising
x and y (7218, 75, 75, 3) (7218,)
2018-07-23 10:42:01.072285: W tensorflow/core/platform/cpu_feature_guard.cc:45] The TensorFlow library wasn't compiled to use SSE4.1 instructions, but these are available on your machine and could speed up CPU computations.
2018-07-23 10:42:01.072892: W tensorflow/core/platform/cpu_feature_guard.cc:45] The TensorFlow library wasn't compiled to use SSE4.2 instructions, but these are available on your machine and could speed up CPU computations.
Train on 7218 samples, validate on 401 samples
Epoch 1/70
460s - loss: 0.3594 - acc: 0.8372 - val_loss: 0.1843 - val_acc: 0.9227
Epoch 2/70
459s - loss: 0.2694 - acc: 0.8788 - val_loss: 0.1983 - val_acc: 0.9127
Epoch 3/70
458s - loss: 0.2541 - acc: 0.8921 - val_loss: 0.2897 - val_acc: 0.8878
Epoch 4/70
458s - loss: 0.2346 - acc: 0.8975 - val_loss: 0.2049 - val_acc: 0.9127
Epoch 5/70
458s - loss: 0.2167 - acc: 0.9065 - val_loss: 0.1788 - val_acc: 0.9352
Epoch 6/70
458s - loss: 0.2116 - acc: 0.9094 - val_loss: 0.2298 - val_acc: 0.9177
Epoch 7/70
458s - loss: 0.2246 - acc: 0.9041 - val_loss: 0.2188 - val_acc: 0.8928
Epoch 8/70
459s - loss: 0.2180 - acc: 0.9098 - val_loss: 0.2014 - val_acc: 0.9277
Epoch 9/70
459s - loss: 0.1811 - acc: 0.9202 - val_loss: 0.1812 - val_acc: 0.9426
Epoch 10/70
459s - loss: 0.1744 - acc: 0.9270 - val_loss: 0.2083 - val_acc: 0.9327
Epoch 11/70
459s - loss: 0.1805 - acc: 0.9278 - val_loss: 0.1820 - val_acc: 0.9252
Epoch 12/70
459s - loss: 0.1606 - acc: 0.9328 - val_loss: 0.2012 - val_acc: 0.9302
Epoch 13/70
459s - loss: 0.1503 - acc: 0.9346 - val_loss: 0.2149 - val_acc: 0.9202
Epoch 14/70
459s - loss: 0.1575 - acc: 0.9377 - val_loss: 0.2014 - val_acc: 0.9277
Epoch 15/70
459s - loss: 0.1766 - acc: 0.9250 - val_loss: 0.2105 - val_acc: 0.9202
Epoch 16/70
460s - loss: 0.1606 - acc: 0.9311 - val_loss: 0.1990 - val_acc: 0.9377
Epoch 17/70
