Using TensorFlow backend.
/users/PAS1383/osu10171/.conda/envs/local/lib/python2.7/site-packages/h5py/__init__.py:34: FutureWarning: Conversion of the second argument of issubdtype from `float` to `np.floating` is deprecated. In future, it will be treated as `np.float64 == np.dtype(float).type`.
  from ._conv import register_converters as _register_converters
You have chosen: Namespace(flip=0, h=10, iters=20)
 
Running iter 1
 
Denoising the images
done denoising
2018-07-27 13:30:00.631971: W tensorflow/core/platform/cpu_feature_guard.cc:45] The TensorFlow library wasn't compiled to use SSE4.1 instructions, but these are available on your machine and could speed up CPU computations.
2018-07-27 13:30:00.632199: W tensorflow/core/platform/cpu_feature_guard.cc:45] The TensorFlow library wasn't compiled to use SSE4.2 instructions, but these are available on your machine and could speed up CPU computations.
Train on 2406 samples, validate on 401 samples
Epoch 1/150
160s - loss: 0.8790 - acc: 0.5374 - val_loss: 0.6319 - val_acc: 0.5436
Epoch 2/150
158s - loss: 0.5912 - acc: 0.6380 - val_loss: 0.5736 - val_acc: 0.6808
Epoch 3/150
158s - loss: 0.5546 - acc: 0.6712 - val_loss: 0.5586 - val_acc: 0.6883
Epoch 4/150
158s - loss: 0.5296 - acc: 0.7116 - val_loss: 0.5034 - val_acc: 0.7706
Epoch 5/150
158s - loss: 0.4733 - acc: 0.7531 - val_loss: 0.4654 - val_acc: 0.7781
Epoch 6/150
158s - loss: 0.4400 - acc: 0.7851 - val_loss: 0.4185 - val_acc: 0.7955
Epoch 7/150
158s - loss: 0.4121 - acc: 0.8092 - val_loss: 0.4274 - val_acc: 0.7905
Epoch 8/150
158s - loss: 0.3953 - acc: 0.8130 - val_loss: 0.3909 - val_acc: 0.8204
Epoch 9/150
157s - loss: 0.3739 - acc: 0.8308 - val_loss: 0.3950 - val_acc: 0.8080
Epoch 10/150
157s - loss: 0.3611 - acc: 0.8337 - val_loss: 0.3973 - val_acc: 0.8279
Epoch 11/150
157s - loss: 0.3721 - acc: 0.8292 - val_loss: 0.3896 - val_acc: 0.8080
Epoch 12/150
157s - loss: 0.3496 - acc: 0.8425 - val_loss: 0.3908 - val_acc: 0.8130
Epoch 13/150
157s - loss: 0.3328 - acc: 0.8512 - val_loss: 0.3503 - val_acc: 0.8454
Epoch 14/150
157s - loss: 0.3131 - acc: 0.8583 - val_loss: 0.3425 - val_acc: 0.8354
Epoch 15/150
157s - loss: 0.3326 - acc: 0.8562 - val_loss: 0.3487 - val_acc: 0.8279
Epoch 16/150
157s - loss: 0.3114 - acc: 0.8633 - val_loss: 0.3384 - val_acc: 0.8454
Epoch 17/150
157s - loss: 0.3059 - acc: 0.8670 - val_loss: 0.3066 - val_acc: 0.8628
Epoch 18/150
157s - loss: 0.2967 - acc: 0.8695 - val_loss: 0.3180 - val_acc: 0.8678
Epoch 19/150
157s - loss: 0.2669 - acc: 0.8807 - val_loss: 0.3597 - val_acc: 0.8379
Epoch 20/150
157s - loss: 0.3077 - acc: 0.8645 - val_loss: 0.3272 - val_acc: 0.8579
Epoch 21/150
157s - loss: 0.2756 - acc: 0.8757 - val_loss: 0.3225 - val_acc: 0.8579
Epoch 22/150
157s - loss: 0.2797 - acc: 0.8712 - val_loss: 0.3081 - val_acc: 0.8404
Epoch 23/150
157s - loss: 0.2547 - acc: 0.8845 - val_loss: 0.2777 - val_acc: 0.8653
Epoch 24/150
157s - loss: 0.2318 - acc: 0.8936 - val_loss: 0.2730 - val_acc: 0.8803
Epoch 25/150
157s - loss: 0.2350 - acc: 0.8978 - val_loss: 0.2778 - val_acc: 0.8778
Epoch 26/150
157s - loss: 0.2230 - acc: 0.9019 - val_loss: 0.2702 - val_acc: 0.8753
Epoch 27/150
157s - loss: 0.2254 - acc: 0.9027 - val_loss: 0.3546 - val_acc: 0.8529
Epoch 28/150
157s - loss: 0.2919 - acc: 0.8695 - val_loss: 0.3387 - val_acc: 0.8504
Epoch 29/150
157s - loss: 0.2562 - acc: 0.8865 - val_loss: 0.3084 - val_acc: 0.8628
Epoch 30/150
157s - loss: 0.2259 - acc: 0.8982 - val_loss: 0.3058 - val_acc: 0.8628
Epoch 31/150
157s - loss: 0.2169 - acc: 0.9040 - val_loss: 0.2995 - val_acc: 0.8753
Epoch 32/150
157s - loss: 0.2106 - acc: 0.9073 - val_loss: 0.2667 - val_acc: 0.8728
Epoch 33/150
157s - loss: 0.2546 - acc: 0.8832 - val_loss: 0.2697 - val_acc: 0.8803
Epoch 34/150
157s - loss: 0.2194 - acc: 0.9002 - val_loss: 0.2640 - val_acc: 0.8728
Epoch 35/150
157s - loss: 0.2096 - acc: 0.9048 - val_loss: 0.2739 - val_acc: 0.8579
Epoch 36/150
157s - loss: 0.2061 - acc: 0.9077 - val_loss: 0.2751 - val_acc: 0.8853
Epoch 37/150
156s - loss: 0.1776 - acc: 0.9185 - val_loss: 0.2899 - val_acc: 0.8803
Epoch 38/150
157s - loss: 0.1833 - acc: 0.9202 - val_loss: 0.2619 - val_acc: 0.8978
Epoch 39/150
157s - loss: 0.1781 - acc: 0.9227 - val_loss: 0.2936 - val_acc: 0.8828
Epoch 40/150
157s - loss: 0.1855 - acc: 0.9131 - val_loss: 0.3544 - val_acc: 0.8603
Epoch 41/150
156s - loss: 0.2093 - acc: 0.9081 - val_loss: 0.2917 - val_acc: 0.8653
Epoch 42/150
156s - loss: 0.2091 - acc: 0.8948 - val_loss: 0.2747 - val_acc: 0.8753
Epoch 43/150
156s - loss: 0.2097 - acc: 0.9040 - val_loss: 0.2492 - val_acc: 0.8778
Epoch 44/150
156s - loss: 0.1690 - acc: 0.9256 - val_loss: 0.2388 - val_acc: 0.9102
Epoch 45/150
156s - loss: 0.1664 - acc: 0.9277 - val_loss: 0.2701 - val_acc: 0.8778
Epoch 46/150
157s - loss: 0.1553 - acc: 0.9293 - val_loss: 0.2388 - val_acc: 0.8878
Epoch 47/150
156s - loss: 0.1609 - acc: 0.9285 - val_loss: 0.2567 - val_acc: 0.8728
Epoch 48/150
157s - loss: 0.1760 - acc: 0.9239 - val_loss: 0.2638 - val_acc: 0.8953
Epoch 49/150
157s - loss: 0.2210 - acc: 0.8994 - val_loss: 0.3035 - val_acc: 0.8778
Epoch 50/150
156s - loss: 0.1608 - acc: 0.9260 - val_loss: 0.3110 - val_acc: 0.8753
Epoch 51/150
156s - loss: 0.1769 - acc: 0.9181 - val_loss: 0.3003 - val_acc: 0.8778
Epoch 52/150
156s - loss: 0.1518 - acc: 0.9302 - val_loss: 0.2414 - val_acc: 0.9102
Epoch 53/150
156s - loss: 0.1360 - acc: 0.9410 - val_loss: 0.3267 - val_acc: 0.8928
Epoch 54/150
157s - loss: 0.2082 - acc: 0.9048 - val_loss: 0.2610 - val_acc: 0.9027
Epoch 55/150
157s - loss: 0.1735 - acc: 0.9202 - val_loss: 0.2544 - val_acc: 0.8753
Epoch 56/150
156s - loss: 0.1473 - acc: 0.9298 - val_loss: 0.2452 - val_acc: 0.9052
Epoch 57/150
156s - loss: 0.1298 - acc: 0.9364 - val_loss: 0.2487 - val_acc: 0.9127
Epoch 58/150
156s - loss: 0.1215 - acc: 0.9476 - val_loss: 0.2479 - val_acc: 0.9027
Epoch 59/150
156s - loss: 0.1196 - acc: 0.9485 - val_loss: 0.2502 - val_acc: 0.9177
Epoch 60/150
156s - loss: 0.1105 - acc: 0.9514 - val_loss: 0.2367 - val_acc: 0.9152
Epoch 61/150
156s - loss: 0.1061 - acc: 0.9530 - val_loss: 0.2691 - val_acc: 0.9077
Epoch 62/150
156s - loss: 0.1750 - acc: 0.9256 - val_loss: 0.2739 - val_acc: 0.8953
Epoch 63/150
156s - loss: 0.1742 - acc: 0.9244 - val_loss: 0.2485 - val_acc: 0.9027
Epoch 64/150
156s - loss: 0.1287 - acc: 0.9464 - val_loss: 0.2539 - val_acc: 0.9027
Epoch 65/150
156s - loss: 0.1319 - acc: 0.9451 - val_loss: 0.2482 - val_acc: 0.9152
Epoch 66/150
156s - loss: 0.1073 - acc: 0.9518 - val_loss: 0.2791 - val_acc: 0.9027
Epoch 67/150
156s - loss: 0.1003 - acc: 0.9584 - val_loss: 0.2736 - val_acc: 0.9002
Epoch 68/150
156s - loss: 0.1111 - acc: 0.9493 - val_loss: 0.2899 - val_acc: 0.9077
Epoch 69/150
156s - loss: 0.1281 - acc: 0.9493 - val_loss: 0.2535 - val_acc: 0.9077
Epoch 70/150
156s - loss: 0.1063 - acc: 0.9543 - val_loss: 0.2605 - val_acc: 0.9202
Epoch 71/150
156s - loss: 0.0993 - acc: 0.9551 - val_loss: 0.2697 - val_acc: 0.8978
Epoch 72/150
157s - loss: 0.1979 - acc: 0.9177 - val_loss: 0.2784 - val_acc: 0.8878
Epoch 73/150
157s - loss: 0.1215 - acc: 0.9485 - val_loss: 0.2784 - val_acc: 0.9077
Epoch 74/150
156s - loss: 0.1174 - acc: 0.9485 - val_loss: 0.2755 - val_acc: 0.9027
Epoch 75/150
157s - loss: 0.0999 - acc: 0.9618 - val_loss: 0.2656 - val_acc: 0.9127
Epoch 76/150
157s - loss: 0.0937 - acc: 0.9605 - val_loss: 0.2903 - val_acc: 0.9102
Epoch 77/150
157s - loss: 0.0915 - acc: 0.9634 - val_loss: 0.2828 - val_acc: 0.9027
Epoch 78/150
157s - loss: 0.0971 - acc: 0.9564 - val_loss: 0.2667 - val_acc: 0.9202
Epoch 79/150
156s - loss: 0.0930 - acc: 0.9584 - val_loss: 0.2990 - val_acc: 0.9002
Epoch 80/150
156s - loss: 0.0893 - acc: 0.9613 - val_loss: 0.3027 - val_acc: 0.9102
Epoch 81/150
157s - loss: 0.0801 - acc: 0.9676 - val_loss: 0.3222 - val_acc: 0.9102
Epoch 82/150
156s - loss: 0.0689 - acc: 0.9713 - val_loss: 0.3317 - val_acc: 0.9177
Epoch 83/150
156s - loss: 0.0786 - acc: 0.9680 - val_loss: 0.2978 - val_acc: 0.9102
Epoch 84/150
156s - loss: 0.0812 - acc: 0.9663 - val_loss: 0.3411 - val_acc: 0.9027
Epoch 85/150
156s - loss: 0.0697 - acc: 0.9742 - val_loss: 0.3396 - val_acc: 0.9177
Epoch 86/150
156s - loss: 0.0634 - acc: 0.9726 - val_loss: 0.3389 - val_acc: 0.9127
Epoch 87/150
156s - loss: 0.0623 - acc: 0.9742 - val_loss: 0.3278 - val_acc: 0.9102
Epoch 88/150
156s - loss: 0.0741 - acc: 0.9688 - val_loss: 0.3049 - val_acc: 0.9127
Epoch 89/150
156s - loss: 0.0749 - acc: 0.9713 - val_loss: 0.3819 - val_acc: 0.9052
Epoch 90/150
156s - loss: 0.0849 - acc: 0.9672 - val_loss: 0.3483 - val_acc: 0.9027
Epoch 91/150
157s - loss: 0.0822 - acc: 0.9659 - val_loss: 0.3154 - val_acc: 0.8928
Epoch 92/150
157s - loss: 0.0868 - acc: 0.9622 - val_loss: 0.2908 - val_acc: 0.8928
Epoch 93/150
157s - loss: 0.0806 - acc: 0.9692 - val_loss: 0.2442 - val_acc: 0.9102
Epoch 94/150
157s - loss: 0.0680 - acc: 0.9763 - val_loss: 0.2831 - val_acc: 0.9152
Epoch 95/150
156s - loss: 0.1228 - acc: 0.9501 - val_loss: 0.2605 - val_acc: 0.9177
Epoch 96/150
156s - loss: 0.1443 - acc: 0.9406 - val_loss: 0.2809 - val_acc: 0.8903
Epoch 97/150
157s - loss: 0.0859 - acc: 0.9634 - val_loss: 0.3322 - val_acc: 0.8953
Epoch 98/150
157s - loss: 0.0731 - acc: 0.9734 - val_loss: 0.3305 - val_acc: 0.9152
Epoch 99/150
157s - loss: 0.0815 - acc: 0.9701 - val_loss: 0.2884 - val_acc: 0.9027
Epoch 100/150
156s - loss: 0.0669 - acc: 0.9751 - val_loss: 0.3399 - val_acc: 0.9077
Epoch 101/150
156s - loss: 0.0750 - acc: 0.9697 - val_loss: 0.3396 - val_acc: 0.9077
Epoch 102/150
156s - loss: 0.0676 - acc: 0.9730 - val_loss: 0.3154 - val_acc: 0.9227
Epoch 103/150
156s - loss: 0.0678 - acc: 0.9722 - val_loss: 0.3291 - val_acc: 0.9102
Epoch 104/150
156s - loss: 0.0558 - acc: 0.9780 - val_loss: 0.3435 - val_acc: 0.9102
Epoch 105/150
156s - loss: 0.0505 - acc: 0.9805 - val_loss: 0.3335 - val_acc: 0.9227
Epoch 106/150
156s - loss: 0.0485 - acc: 0.9800 - val_loss: 0.3272 - val_acc: 0.9252
Epoch 107/150
156s - loss: 0.0451 - acc: 0.9809 - val_loss: 0.3587 - val_acc: 0.9202
Epoch 108/150
156s - loss: 0.0633 - acc: 0.9755 - val_loss: 0.3916 - val_acc: 0.9002
Epoch 109/150
156s - loss: 0.0690 - acc: 0.9759 - val_loss: 0.3583 - val_acc: 0.9002
Epoch 110/150
156s - loss: 0.0479 - acc: 0.9821 - val_loss: 0.3605 - val_acc: 0.9052
Epoch 111/150
156s - loss: 0.0491 - acc: 0.9813 - val_loss: 0.3583 - val_acc: 0.9127
Epoch 112/150
156s - loss: 0.0481 - acc: 0.9817 - val_loss: 0.3275 - val_acc: 0.9202
Epoch 113/150
156s - loss: 0.0561 - acc: 0.9755 - val_loss: 0.3137 - val_acc: 0.9252
Epoch 114/150
156s - loss: 0.0562 - acc: 0.9746 - val_loss: 0.3824 - val_acc: 0.9052
Epoch 115/150
156s - loss: 0.0615 - acc: 0.9780 - val_loss: 0.3228 - val_acc: 0.9127
Epoch 116/150
156s - loss: 0.0445 - acc: 0.9842 - val_loss: 0.3710 - val_acc: 0.9052
Epoch 117/150
156s - loss: 0.0512 - acc: 0.9817 - val_loss: 0.3837 - val_acc: 0.9077
Epoch 118/150
157s - loss: 0.0433 - acc: 0.9825 - val_loss: 0.3747 - val_acc: 0.9027
Epoch 119/150
156s - loss: 0.0407 - acc: 0.9846 - val_loss: 0.3590 - val_acc: 0.9202
Epoch 120/150
156s - loss: 0.0571 - acc: 0.9805 - val_loss: 0.3711 - val_acc: 0.9077
Epoch 121/150
156s - loss: 0.0422 - acc: 0.9846 - val_loss: 0.4468 - val_acc: 0.9127
Epoch 122/150
156s - loss: 0.0366 - acc: 0.9871 - val_loss: 0.4750 - val_acc: 0.9152
Epoch 123/150
156s - loss: 0.1171 - acc: 0.9580 - val_loss: 0.3267 - val_acc: 0.8878
Epoch 124/150
156s - loss: 0.0766 - acc: 0.9734 - val_loss: 0.3470 - val_acc: 0.9127
Epoch 125/150
156s - loss: 0.0500 - acc: 0.9805 - val_loss: 0.3527 - val_acc: 0.9177
Epoch 126/150
156s - loss: 0.0406 - acc: 0.9859 - val_loss: 0.3358 - val_acc: 0.9102
Epoch 127/150
156s - loss: 0.0390 - acc: 0.9842 - val_loss: 0.3911 - val_acc: 0.9202
Epoch 128/150
156s - loss: 0.0356 - acc: 0.9859 - val_loss: 0.3314 - val_acc: 0.9202
Epoch 129/150
156s - loss: 0.0434 - acc: 0.9838 - val_loss: 0.3933 - val_acc: 0.9102
Epoch 130/150
156s - loss: 0.0300 - acc: 0.9879 - val_loss: 0.4243 - val_acc: 0.9127
Epoch 131/150
156s - loss: 0.0322 - acc: 0.9850 - val_loss: 0.4813 - val_acc: 0.9002
Epoch 132/150
156s - loss: 0.0558 - acc: 0.9759 - val_loss: 0.3855 - val_acc: 0.9102
Epoch 133/150
156s - loss: 0.0551 - acc: 0.9800 - val_loss: 0.3846 - val_acc: 0.9102
Epoch 134/150
156s - loss: 0.0343 - acc: 0.9875 - val_loss: 0.3592 - val_acc: 0.9077
Epoch 135/150
156s - loss: 0.0485 - acc: 0.9821 - val_loss: 0.3828 - val_acc: 0.9177
Epoch 136/150
156s - loss: 0.0374 - acc: 0.9875 - val_loss: 0.3979 - val_acc: 0.9077
Epoch 137/150
156s - loss: 0.0266 - acc: 0.9917 - val_loss: 0.3839 - val_acc: 0.9052
Epoch 138/150
156s - loss: 0.0337 - acc: 0.9863 - val_loss: 0.3505 - val_acc: 0.9177
Epoch 139/150
156s - loss: 0.0325 - acc: 0.9892 - val_loss: 0.4422 - val_acc: 0.9102
Epoch 140/150
157s - loss: 0.0282 - acc: 0.9909 - val_loss: 0.3888 - val_acc: 0.9052
Epoch 141/150
156s - loss: 0.0912 - acc: 0.9692 - val_loss: 0.2986 - val_acc: 0.9052
Training percent for iter 1 is 97.71404820784666 with log loss 0.07038121159534502
Testing percent for iter 1 is 91.5211970520733 with log loss 0.23670106145211883
 
Running iter 2
 
Denoising the images
done denoising
Train on 2406 samples, validate on 401 samples
Epoch 1/150
162s - loss: 8.0517 - acc: 0.4746 - val_loss: 8.6669 - val_acc: 0.4564
Epoch 2/150
161s - loss: 8.3886 - acc: 0.4738 - val_loss: 8.6669 - val_acc: 0.4564
Epoch 3/150
160s - loss: 8.3886 - acc: 0.4738 - val_loss: 8.6669 - val_acc: 0.4564
Epoch 4/150
160s - loss: 8.3886 - acc: 0.4738 - val_loss: 8.6669 - val_acc: 0.4564
Epoch 5/150
160s - loss: 8.3886 - acc: 0.4738 - val_loss: 8.6669 - val_acc: 0.4564
Epoch 6/150
160s - loss: 8.3886 - acc: 0.4738 - val_loss: 8.6669 - val_acc: 0.4564
Epoch 7/150
160s - loss: 8.3886 - acc: 0.4738 - val_loss: 8.6669 - val_acc: 0.4564
Epoch 8/150
160s - loss: 8.3886 - acc: 0.4738 - val_loss: 8.6669 - val_acc: 0.4564
Epoch 9/150
160s - loss: 8.3886 - acc: 0.4738 - val_loss: 8.6669 - val_acc: 0.4564
Epoch 10/150
160s - loss: 8.3886 - acc: 0.4738 - val_loss: 8.6669 - val_acc: 0.4564
Epoch 11/150
160s - loss: 8.3886 - acc: 0.4738 - val_loss: 8.6669 - val_acc: 0.4564
Epoch 12/150
160s - loss: 8.3886 - acc: 0.4738 - val_loss: 8.6669 - val_acc: 0.4564
Epoch 13/150
160s - loss: 8.3886 - acc: 0.4738 - val_loss: 8.6669 - val_acc: 0.4564
Epoch 14/150
160s - loss: 8.3886 - acc: 0.4738 - val_loss: 8.6669 - val_acc: 0.4564
Epoch 15/150
160s - loss: 8.3886 - acc: 0.4738 - val_loss: 8.6669 - val_acc: 0.4564
Epoch 16/150
160s - loss: 8.3886 - acc: 0.4738 - val_loss: 8.6669 - val_acc: 0.4564
Epoch 17/150
160s - loss: 8.3886 - acc: 0.4738 - val_loss: 8.6669 - val_acc: 0.4564
Epoch 18/150
161s - loss: 8.3886 - acc: 0.4738 - val_loss: 8.6669 - val_acc: 0.4564
Epoch 19/150
160s - loss: 8.3886 - acc: 0.4738 - val_loss: 8.6669 - val_acc: 0.4564
Epoch 20/150
160s - loss: 8.3886 - acc: 0.4738 - val_loss: 8.6669 - val_acc: 0.4564
Epoch 21/150
160s - loss: 8.3886 - acc: 0.4738 - val_loss: 8.6669 - val_acc: 0.4564
Epoch 22/150
160s - loss: 8.3886 - acc: 0.4738 - val_loss: 8.6669 - val_acc: 0.4564
Epoch 23/150
160s - loss: 8.3886 - acc: 0.4738 - val_loss: 8.6669 - val_acc: 0.4564
Epoch 24/150
160s - loss: 8.3886 - acc: 0.4738 - val_loss: 8.6669 - val_acc: 0.4564
Epoch 25/150
160s - loss: 8.3886 - acc: 0.4738 - val_loss: 8.6669 - val_acc: 0.4564
Epoch 26/150
160s - loss: 8.3886 - acc: 0.4738 - val_loss: 8.6669 - val_acc: 0.4564
Epoch 27/150
160s - loss: 8.3886 - acc: 0.4738 - val_loss: 8.6669 - val_acc: 0.4564
Epoch 28/150
160s - loss: 8.3886 - acc: 0.4738 - val_loss: 8.6669 - val_acc: 0.4564
Epoch 29/150
160s - loss: 8.3886 - acc: 0.4738 - val_loss: 8.6669 - val_acc: 0.4564
Epoch 30/150
160s - loss: 8.3886 - acc: 0.4738 - val_loss: 8.6669 - val_acc: 0.4564
Epoch 31/150
160s - loss: 8.3886 - acc: 0.4738 - val_loss: 8.6669 - val_acc: 0.4564
Epoch 32/150
160s - loss: 8.3886 - acc: 0.4738 - val_loss: 8.6669 - val_acc: 0.4564
Epoch 33/150
160s - loss: 8.3886 - acc: 0.4738 - val_loss: 8.6669 - val_acc: 0.4564
Epoch 34/150
160s - loss: 8.3886 - acc: 0.4738 - val_loss: 8.6669 - val_acc: 0.4564
Epoch 35/150
160s - loss: 8.3886 - acc: 0.4738 - val_loss: 8.6669 - val_acc: 0.4564
Epoch 36/150
160s - loss: 8.3886 - acc: 0.4738 - val_loss: 8.6669 - val_acc: 0.4564
Epoch 37/150
160s - loss: 8.3886 - acc: 0.4738 - val_loss: 8.6669 - val_acc: 0.4564
Epoch 38/150
160s - loss: 8.3886 - acc: 0.4738 - val_loss: 8.6669 - val_acc: 0.4564
Epoch 39/150
160s - loss: 8.3886 - acc: 0.4738 - val_loss: 8.6669 - val_acc: 0.4564
Epoch 40/150
160s - loss: 8.3886 - acc: 0.4738 - val_loss: 8.6669 - val_acc: 0.4564
Epoch 41/150
160s - loss: 8.3886 - acc: 0.4738 - val_loss: 8.6669 - val_acc: 0.4564
Epoch 42/150
160s - loss: 8.3886 - acc: 0.4738 - val_loss: 8.6669 - val_acc: 0.4564
Epoch 43/150
160s - loss: 8.3886 - acc: 0.4738 - val_loss: 8.6669 - val_acc: 0.4564
Epoch 44/150
160s - loss: 8.3886 - acc: 0.4738 - val_loss: 8.6669 - val_acc: 0.4564
Epoch 45/150
160s - loss: 8.3886 - acc: 0.4738 - val_loss: 8.6669 - val_acc: 0.4564
Epoch 46/150
160s - loss: 8.3886 - acc: 0.4738 - val_loss: 8.6669 - val_acc: 0.4564
Epoch 47/150
159s - loss: 8.3886 - acc: 0.4738 - val_loss: 8.6669 - val_acc: 0.4564
Epoch 48/150
160s - loss: 8.3886 - acc: 0.4738 - val_loss: 8.6669 - val_acc: 0.4564
Epoch 49/150
160s - loss: 8.3886 - acc: 0.4738 - val_loss: 8.6669 - val_acc: 0.4564
Epoch 50/150
160s - loss: 8.3886 - acc: 0.4738 - val_loss: 8.6669 - val_acc: 0.4564
Epoch 51/150
160s - loss: 8.3886 - acc: 0.4738 - val_loss: 8.6669 - val_acc: 0.4564
Epoch 52/150
160s - loss: 8.3886 - acc: 0.4738 - val_loss: 8.6669 - val_acc: 0.4564
Epoch 53/150
160s - loss: 8.3886 - acc: 0.4738 - val_loss: 8.6669 - val_acc: 0.4564
Epoch 54/150
160s - loss: 8.3886 - acc: 0.4738 - val_loss: 8.6669 - val_acc: 0.4564
Epoch 55/150
160s - loss: 8.3886 - acc: 0.4738 - val_loss: 8.6669 - val_acc: 0.4564
Epoch 56/150
160s - loss: 8.3886 - acc: 0.4738 - val_loss: 8.6669 - val_acc: 0.4564
Epoch 57/150
160s - loss: 8.3886 - acc: 0.4738 - val_loss: 8.6669 - val_acc: 0.4564
Epoch 58/150
160s - loss: 8.3886 - acc: 0.4738 - val_loss: 8.6669 - val_acc: 0.4564
Epoch 59/150
160s - loss: 8.3886 - acc: 0.4738 - val_loss: 8.6669 - val_acc: 0.4564
Epoch 60/150
160s - loss: 8.3886 - acc: 0.4738 - val_loss: 8.6669 - val_acc: 0.4564
Epoch 61/150
160s - loss: 8.3886 - acc: 0.4738 - val_loss: 8.6669 - val_acc: 0.4564
Epoch 62/150
160s - loss: 8.3886 - acc: 0.4738 - val_loss: 8.6669 - val_acc: 0.4564
Epoch 63/150
160s - loss: 8.3886 - acc: 0.4738 - val_loss: 8.6669 - val_acc: 0.4564
Epoch 64/150
160s - loss: 8.3886 - acc: 0.4738 - val_loss: 8.6669 - val_acc: 0.4564
Epoch 65/150
160s - loss: 8.3886 - acc: 0.4738 - val_loss: 8.6669 - val_acc: 0.4564
Epoch 66/150
160s - loss: 8.3886 - acc: 0.4738 - val_loss: 8.6669 - val_acc: 0.4564
Epoch 67/150
160s - loss: 8.3886 - acc: 0.4738 - val_loss: 8.6669 - val_acc: 0.4564
Epoch 68/150
160s - loss: 8.3886 - acc: 0.4738 - val_loss: 8.6669 - val_acc: 0.4564
Epoch 69/150
160s - loss: 8.3886 - acc: 0.4738 - val_loss: 8.6669 - val_acc: 0.4564
Epoch 70/150
160s - loss: 8.3886 - acc: 0.4738 - val_loss: 8.6669 - val_acc: 0.4564
Epoch 71/150
160s - loss: 8.3886 - acc: 0.4738 - val_loss: 8.6669 - val_acc: 0.4564
Epoch 72/150
159s - loss: 8.3886 - acc: 0.4738 - val_loss: 8.6669 - val_acc: 0.4564
Epoch 73/150
160s - loss: 8.3886 - acc: 0.4738 - val_loss: 8.6669 - val_acc: 0.4564
Epoch 74/150
160s - loss: 8.3886 - acc: 0.4738 - val_loss: 8.6669 - val_acc: 0.4564
Epoch 75/150
160s - loss: 8.3886 - acc: 0.4738 - val_loss: 8.6669 - val_acc: 0.4564
Epoch 76/150
160s - loss: 8.3886 - acc: 0.4738 - val_loss: 8.6669 - val_acc: 0.4564
Epoch 77/150
160s - loss: 8.3886 - acc: 0.4738 - val_loss: 8.6669 - val_acc: 0.4564
Epoch 78/150
160s - loss: 8.3886 - acc: 0.4738 - val_loss: 8.6669 - val_acc: 0.4564
Epoch 79/150
160s - loss: 8.3886 - acc: 0.4738 - val_loss: 8.6669 - val_acc: 0.4564
Epoch 80/150
160s - loss: 8.3886 - acc: 0.4738 - val_loss: 8.6669 - val_acc: 0.4564
Epoch 81/150
160s - loss: 8.3886 - acc: 0.4738 - val_loss: 8.6669 - val_acc: 0.4564
Epoch 82/150
160s - loss: 8.3886 - acc: 0.4738 - val_loss: 8.6669 - val_acc: 0.4564
Training percent for iter 2 is 47.381546137140674 with log loss 8.38863629414851
Testing percent for iter 2 is 45.635910328486915 with log loss 8.666932248712477
 
Running iter 3
 
Denoising the images
done denoising
Train on 2406 samples, validate on 401 samples
Epoch 1/150
